This file contains any messages produced by compilers while
running configure, to aid debugging if configure makes a mistake.

It was created by OTF configure 1.12.3openmpi, which was
generated by GNU Autoconf 2.69.  Invocation command line was

  $ ./configure --with-openmpi-inside=1.7 --prefix=/home/shubh/.openmpi CPPFLAGS=-DINSIDE_OPENMPI -I/home/shubh/Assignment/Distributed_Systems/MPI_Local/openmpi-1.10.7/ompi/include -I/home/shubh/Assignment/Distributed_Systems/MPI_Local/openmpi-1.10.7/ompi/contrib/vt/vt/../../../include -I/home/shubh/Assignment/Distributed_Systems/MPI_Local/openmpi-1.10.7/ompi/contrib/vt/vt/../../../include LDFLAGS=-L/home/shubh/Assignment/Distributed_Systems/MPI_Local/openmpi-1.10.7/ompi/.libs -L/home/shubh/Assignment/Distributed_Systems/MPI_Local/openmpi-1.10.7/ompi/contrib/vt/vt/../../../.libs --disable-option-checking MPICC=gcc MPICXX=g++ --with-mpi --with-mpi-lib=-lmpi --with-zlib-lib=-lz --without-zoidfs --includedir=/home/shubh/.openmpi/include/vampirtrace --docdir=${prefix}/share/vampirtrace/doc/otf --cache-file=/dev/null --srcdir=. --disable-option-checking

## --------- ##
## Platform. ##
## --------- ##

hostname = kaneki
uname -m = x86_64
uname -r = 4.15.0-62-generic
uname -s = Linux
uname -v = #69~16.04.1-Ubuntu SMP Fri Sep 6 02:43:35 UTC 2019

/usr/bin/uname -p = unknown
/bin/uname -X     = unknown

/bin/arch              = unknown
/usr/bin/arch -k       = unknown
/usr/convex/getsysinfo = unknown
/usr/bin/hostinfo      = unknown
/bin/machine           = unknown
/usr/bin/oslevel       = unknown
/bin/universe          = unknown

PATH: /home/shubh/google-cloud-sdk/bin
PATH: /home/shubh/.nvm/versions/node/v10.0.0/bin
PATH: /usr/local/cuda-8.0/bin
PATH: /home/shubh/bin
PATH: /home/shubh/.local/bin
PATH: /usr/local/sbin
PATH: /usr/local/bin
PATH: /usr/sbin
PATH: /usr/bin
PATH: /sbin
PATH: /bin
PATH: /usr/games
PATH: /usr/local/games
PATH: /snap/bin
PATH: /usr/lib/jvm/java-11-oracle/bin
PATH: /usr/lib/jvm/java-11-oracle/db/bin
PATH: /home/shubh/Android/Sdk/tools
PATH: /home/shubh/Android/Sdk/tools/bin
PATH: /home/shubh/Android/Sdk/platform-tools
PATH: /home/shubh/.local/bin/


## ----------- ##
## Core tests. ##
## ----------- ##

configure:2894: checking build system type
configure:2908: result: x86_64-pc-linux-gnu
configure:2928: checking host system type
configure:2941: result: x86_64-pc-linux-gnu
configure:2961: checking target system type
configure:2974: result: x86_64-pc-linux-gnu
configure:3017: checking for a BSD-compatible install
configure:3085: result: /usr/bin/install -c
configure:3096: checking whether build environment is sane
configure:3151: result: yes
configure:3302: checking for a thread-safe mkdir -p
configure:3341: result: /bin/mkdir -p
configure:3348: checking for gawk
configure:3364: found /usr/bin/gawk
configure:3375: result: gawk
configure:3386: checking whether make sets $(MAKE)
configure:3408: result: yes
configure:3437: checking whether make supports nested variables
configure:3454: result: yes
configure:3595: checking whether make supports nested variables
configure:3612: result: yes
configure:3714: checking for g++
configure:3730: found /usr/bin/g++
configure:3741: result: g++
configure:3768: checking for C++ compiler version
configure:3777: g++ --version >&5
g++ (Ubuntu 5.4.0-6ubuntu1~16.04.11) 5.4.0 20160609
Copyright (C) 2015 Free Software Foundation, Inc.
This is free software; see the source for copying conditions.  There is NO
warranty; not even for MERCHANTABILITY or FITNESS FOR A PARTICULAR PURPOSE.

configure:3788: $? = 0
configure:3777: g++ -v >&5
Using built-in specs.
COLLECT_GCC=g++
COLLECT_LTO_WRAPPER=/usr/lib/gcc/x86_64-linux-gnu/5/lto-wrapper
Target: x86_64-linux-gnu
Configured with: ../src/configure -v --with-pkgversion='Ubuntu 5.4.0-6ubuntu1~16.04.11' --with-bugurl=file:///usr/share/doc/gcc-5/README.Bugs --enable-languages=c,ada,c++,java,go,d,fortran,objc,obj-c++ --prefix=/usr --program-suffix=-5 --enable-shared --enable-linker-build-id --libexecdir=/usr/lib --without-included-gettext --enable-threads=posix --libdir=/usr/lib --enable-nls --with-sysroot=/ --enable-clocale=gnu --enable-libstdcxx-debug --enable-libstdcxx-time=yes --with-default-libstdcxx-abi=new --enable-gnu-unique-object --disable-vtable-verify --enable-libmpx --enable-plugin --with-system-zlib --disable-browser-plugin --enable-java-awt=gtk --enable-gtk-cairo --with-java-home=/usr/lib/jvm/java-1.5.0-gcj-5-amd64/jre --enable-java-home --with-jvm-root-dir=/usr/lib/jvm/java-1.5.0-gcj-5-amd64 --with-jvm-jar-dir=/usr/lib/jvm-exports/java-1.5.0-gcj-5-amd64 --with-arch-directory=amd64 --with-ecj-jar=/usr/share/java/eclipse-ecj.jar --enable-objc-gc --enable-multiarch --disable-werror --with-arch-32=i686 --with-abi=m64 --with-multilib-list=m32,m64,mx32 --enable-multilib --with-tune=generic --enable-checking=release --build=x86_64-linux-gnu --host=x86_64-linux-gnu --target=x86_64-linux-gnu
Thread model: posix
gcc version 5.4.0 20160609 (Ubuntu 5.4.0-6ubuntu1~16.04.11) 
configure:3788: $? = 0
configure:3777: g++ -V >&5
g++: error: unrecognized command line option '-V'
g++: fatal error: no input files
compilation terminated.
configure:3788: $? = 1
configure:3777: g++ -qversion >&5
g++: error: unrecognized command line option '-qversion'
g++: fatal error: no input files
compilation terminated.
configure:3788: $? = 1
configure:3808: checking whether the C++ compiler works
configure:3830: g++  -DINSIDE_OPENMPI -DINSIDE_OPENMPI -I/home/shubh/Assignment/Distributed_Systems/MPI_Local/openmpi-1.10.7/ompi/include -I/home/shubh/Assignment/Distributed_Systems/MPI_Local/openmpi-1.10.7/ompi/contrib/vt/vt/../../../include -I/home/shubh/Assignment/Distributed_Systems/MPI_Local/openmpi-1.10.7/ompi/contrib/vt/vt/../../../include -L/home/shubh/Assignment/Distributed_Systems/MPI_Local/openmpi-1.10.7/ompi/.libs -L/home/shubh/Assignment/Distributed_Systems/MPI_Local/openmpi-1.10.7/ompi/contrib/vt/vt/../../../.libs conftest.cpp  >&5
configure:3834: $? = 0
configure:3882: result: yes
configure:3885: checking for C++ compiler default output file name
configure:3887: result: a.out
configure:3893: checking for suffix of executables
configure:3900: g++ -o conftest  -DINSIDE_OPENMPI -DINSIDE_OPENMPI -I/home/shubh/Assignment/Distributed_Systems/MPI_Local/openmpi-1.10.7/ompi/include -I/home/shubh/Assignment/Distributed_Systems/MPI_Local/openmpi-1.10.7/ompi/contrib/vt/vt/../../../include -I/home/shubh/Assignment/Distributed_Systems/MPI_Local/openmpi-1.10.7/ompi/contrib/vt/vt/../../../include -L/home/shubh/Assignment/Distributed_Systems/MPI_Local/openmpi-1.10.7/ompi/.libs -L/home/shubh/Assignment/Distributed_Systems/MPI_Local/openmpi-1.10.7/ompi/contrib/vt/vt/../../../.libs conftest.cpp  >&5
configure:3904: $? = 0
configure:3926: result: 
configure:3948: checking whether we are cross compiling
configure:3956: g++ -o conftest  -DINSIDE_OPENMPI -DINSIDE_OPENMPI -I/home/shubh/Assignment/Distributed_Systems/MPI_Local/openmpi-1.10.7/ompi/include -I/home/shubh/Assignment/Distributed_Systems/MPI_Local/openmpi-1.10.7/ompi/contrib/vt/vt/../../../include -I/home/shubh/Assignment/Distributed_Systems/MPI_Local/openmpi-1.10.7/ompi/contrib/vt/vt/../../../include -L/home/shubh/Assignment/Distributed_Systems/MPI_Local/openmpi-1.10.7/ompi/.libs -L/home/shubh/Assignment/Distributed_Systems/MPI_Local/openmpi-1.10.7/ompi/contrib/vt/vt/../../../.libs conftest.cpp  >&5
configure:3960: $? = 0
configure:3967: ./conftest
configure:3971: $? = 0
configure:3986: result: no
configure:3991: checking for suffix of object files
configure:4013: g++ -c  -DINSIDE_OPENMPI -DINSIDE_OPENMPI -I/home/shubh/Assignment/Distributed_Systems/MPI_Local/openmpi-1.10.7/ompi/include -I/home/shubh/Assignment/Distributed_Systems/MPI_Local/openmpi-1.10.7/ompi/contrib/vt/vt/../../../include -I/home/shubh/Assignment/Distributed_Systems/MPI_Local/openmpi-1.10.7/ompi/contrib/vt/vt/../../../include conftest.cpp >&5
configure:4017: $? = 0
configure:4038: result: o
configure:4042: checking whether we are using the GNU C++ compiler
configure:4061: g++ -c  -DINSIDE_OPENMPI -DINSIDE_OPENMPI -I/home/shubh/Assignment/Distributed_Systems/MPI_Local/openmpi-1.10.7/ompi/include -I/home/shubh/Assignment/Distributed_Systems/MPI_Local/openmpi-1.10.7/ompi/contrib/vt/vt/../../../include -I/home/shubh/Assignment/Distributed_Systems/MPI_Local/openmpi-1.10.7/ompi/contrib/vt/vt/../../../include conftest.cpp >&5
configure:4061: $? = 0
configure:4070: result: yes
configure:4079: checking whether g++ accepts -g
configure:4099: g++ -c -g -DINSIDE_OPENMPI -DINSIDE_OPENMPI -I/home/shubh/Assignment/Distributed_Systems/MPI_Local/openmpi-1.10.7/ompi/include -I/home/shubh/Assignment/Distributed_Systems/MPI_Local/openmpi-1.10.7/ompi/contrib/vt/vt/../../../include -I/home/shubh/Assignment/Distributed_Systems/MPI_Local/openmpi-1.10.7/ompi/contrib/vt/vt/../../../include conftest.cpp >&5
configure:4099: $? = 0
configure:4140: result: yes
configure:4174: checking for style of include used by make
configure:4202: result: GNU
configure:4228: checking dependency style of g++
configure:4339: result: gcc3
configure:4402: checking for gcc
configure:4418: found /usr/bin/gcc
configure:4429: result: gcc
configure:4658: checking for C compiler version
configure:4667: gcc --version >&5
gcc (Ubuntu 5.4.0-6ubuntu1~16.04.11) 5.4.0 20160609
Copyright (C) 2015 Free Software Foundation, Inc.
This is free software; see the source for copying conditions.  There is NO
warranty; not even for MERCHANTABILITY or FITNESS FOR A PARTICULAR PURPOSE.

configure:4678: $? = 0
configure:4667: gcc -v >&5
Using built-in specs.
COLLECT_GCC=gcc
COLLECT_LTO_WRAPPER=/usr/lib/gcc/x86_64-linux-gnu/5/lto-wrapper
Target: x86_64-linux-gnu
Configured with: ../src/configure -v --with-pkgversion='Ubuntu 5.4.0-6ubuntu1~16.04.11' --with-bugurl=file:///usr/share/doc/gcc-5/README.Bugs --enable-languages=c,ada,c++,java,go,d,fortran,objc,obj-c++ --prefix=/usr --program-suffix=-5 --enable-shared --enable-linker-build-id --libexecdir=/usr/lib --without-included-gettext --enable-threads=posix --libdir=/usr/lib --enable-nls --with-sysroot=/ --enable-clocale=gnu --enable-libstdcxx-debug --enable-libstdcxx-time=yes --with-default-libstdcxx-abi=new --enable-gnu-unique-object --disable-vtable-verify --enable-libmpx --enable-plugin --with-system-zlib --disable-browser-plugin --enable-java-awt=gtk --enable-gtk-cairo --with-java-home=/usr/lib/jvm/java-1.5.0-gcj-5-amd64/jre --enable-java-home --with-jvm-root-dir=/usr/lib/jvm/java-1.5.0-gcj-5-amd64 --with-jvm-jar-dir=/usr/lib/jvm-exports/java-1.5.0-gcj-5-amd64 --with-arch-directory=amd64 --with-ecj-jar=/usr/share/java/eclipse-ecj.jar --enable-objc-gc --enable-multiarch --disable-werror --with-arch-32=i686 --with-abi=m64 --with-multilib-list=m32,m64,mx32 --enable-multilib --with-tune=generic --enable-checking=release --build=x86_64-linux-gnu --host=x86_64-linux-gnu --target=x86_64-linux-gnu
Thread model: posix
gcc version 5.4.0 20160609 (Ubuntu 5.4.0-6ubuntu1~16.04.11) 
configure:4678: $? = 0
configure:4667: gcc -V >&5
gcc: error: unrecognized command line option '-V'
gcc: fatal error: no input files
compilation terminated.
configure:4678: $? = 1
configure:4667: gcc -qversion >&5
gcc: error: unrecognized command line option '-qversion'
gcc: fatal error: no input files
compilation terminated.
configure:4678: $? = 1
configure:4682: checking whether we are using the GNU C compiler
configure:4701: gcc -c  -DINSIDE_OPENMPI -DINSIDE_OPENMPI -I/home/shubh/Assignment/Distributed_Systems/MPI_Local/openmpi-1.10.7/ompi/include -I/home/shubh/Assignment/Distributed_Systems/MPI_Local/openmpi-1.10.7/ompi/contrib/vt/vt/../../../include -I/home/shubh/Assignment/Distributed_Systems/MPI_Local/openmpi-1.10.7/ompi/contrib/vt/vt/../../../include conftest.c >&5
configure:4701: $? = 0
configure:4710: result: yes
configure:4719: checking whether gcc accepts -g
configure:4739: gcc -c -g -DINSIDE_OPENMPI -DINSIDE_OPENMPI -I/home/shubh/Assignment/Distributed_Systems/MPI_Local/openmpi-1.10.7/ompi/include -I/home/shubh/Assignment/Distributed_Systems/MPI_Local/openmpi-1.10.7/ompi/contrib/vt/vt/../../../include -I/home/shubh/Assignment/Distributed_Systems/MPI_Local/openmpi-1.10.7/ompi/contrib/vt/vt/../../../include conftest.c >&5
configure:4739: $? = 0
configure:4780: result: yes
configure:4797: checking for gcc option to accept ISO C89
configure:4860: gcc  -c -g -O2 -DINSIDE_OPENMPI -DINSIDE_OPENMPI -I/home/shubh/Assignment/Distributed_Systems/MPI_Local/openmpi-1.10.7/ompi/include -I/home/shubh/Assignment/Distributed_Systems/MPI_Local/openmpi-1.10.7/ompi/contrib/vt/vt/../../../include -I/home/shubh/Assignment/Distributed_Systems/MPI_Local/openmpi-1.10.7/ompi/contrib/vt/vt/../../../include conftest.c >&5
configure:4860: $? = 0
configure:4873: result: none needed
configure:4898: checking whether gcc understands -c and -o together
configure:4920: gcc -c conftest.c -o conftest2.o
configure:4923: $? = 0
configure:4920: gcc -c conftest.c -o conftest2.o
configure:4923: $? = 0
configure:4935: result: yes
configure:4954: checking dependency style of gcc
configure:5065: result: gcc3
configure:5133: checking how to print strings
configure:5160: result: printf
configure:5181: checking for a sed that does not truncate output
configure:5245: result: /bin/sed
configure:5263: checking for grep that handles long lines and -e
configure:5321: result: /bin/grep
configure:5326: checking for egrep
configure:5388: result: /bin/grep -E
configure:5393: checking for fgrep
configure:5455: result: /bin/grep -F
configure:5490: checking for ld used by gcc
configure:5557: result: /usr/bin/ld
configure:5564: checking if the linker (/usr/bin/ld) is GNU ld
configure:5579: result: yes
configure:5591: checking for BSD- or MS-compatible name lister (nm)
configure:5645: result: /usr/bin/nm -B
configure:5775: checking the name lister (/usr/bin/nm -B) interface
configure:5782: gcc -c -g -O2 -DINSIDE_OPENMPI -DINSIDE_OPENMPI -I/home/shubh/Assignment/Distributed_Systems/MPI_Local/openmpi-1.10.7/ompi/include -I/home/shubh/Assignment/Distributed_Systems/MPI_Local/openmpi-1.10.7/ompi/contrib/vt/vt/../../../include -I/home/shubh/Assignment/Distributed_Systems/MPI_Local/openmpi-1.10.7/ompi/contrib/vt/vt/../../../include conftest.c >&5
configure:5785: /usr/bin/nm -B "conftest.o"
configure:5788: output
0000000000000000 B some_variable
configure:5795: result: BSD nm
configure:5798: checking whether ln -s works
configure:5802: result: yes
configure:5810: checking the maximum length of command line arguments
configure:5941: result: 1572864
configure:5989: checking how to convert x86_64-pc-linux-gnu file names to x86_64-pc-linux-gnu format
configure:6029: result: func_convert_file_noop
configure:6036: checking how to convert x86_64-pc-linux-gnu file names to toolchain format
configure:6056: result: func_convert_file_noop
configure:6063: checking for /usr/bin/ld option to reload object files
configure:6070: result: -r
configure:6144: checking for objdump
configure:6160: found /usr/bin/objdump
configure:6171: result: objdump
configure:6203: checking how to recognize dependent libraries
configure:6403: result: pass_all
configure:6488: checking for dlltool
configure:6518: result: no
configure:6548: checking how to associate runtime and link libraries
configure:6575: result: printf %s\n
configure:6636: checking for ar
configure:6652: found /usr/bin/ar
configure:6663: result: ar
configure:6700: checking for archiver @FILE support
configure:6717: gcc -c -g -O2 -DINSIDE_OPENMPI -DINSIDE_OPENMPI -I/home/shubh/Assignment/Distributed_Systems/MPI_Local/openmpi-1.10.7/ompi/include -I/home/shubh/Assignment/Distributed_Systems/MPI_Local/openmpi-1.10.7/ompi/contrib/vt/vt/../../../include -I/home/shubh/Assignment/Distributed_Systems/MPI_Local/openmpi-1.10.7/ompi/contrib/vt/vt/../../../include conftest.c >&5
configure:6717: $? = 0
configure:6720: ar cru libconftest.a @conftest.lst >&5
ar: `u' modifier ignored since `D' is the default (see `U')
configure:6723: $? = 0
configure:6728: ar cru libconftest.a @conftest.lst >&5
ar: `u' modifier ignored since `D' is the default (see `U')
ar: conftest.o: No such file or directory
configure:6731: $? = 1
configure:6743: result: @
configure:6801: checking for strip
configure:6817: found /usr/bin/strip
configure:6828: result: strip
configure:6900: checking for ranlib
configure:6916: found /usr/bin/ranlib
configure:6927: result: ranlib
configure:7029: checking command to parse /usr/bin/nm -B output from gcc object
configure:7182: gcc -c -g -O2 -DINSIDE_OPENMPI -DINSIDE_OPENMPI -I/home/shubh/Assignment/Distributed_Systems/MPI_Local/openmpi-1.10.7/ompi/include -I/home/shubh/Assignment/Distributed_Systems/MPI_Local/openmpi-1.10.7/ompi/contrib/vt/vt/../../../include -I/home/shubh/Assignment/Distributed_Systems/MPI_Local/openmpi-1.10.7/ompi/contrib/vt/vt/../../../include conftest.c >&5
configure:7185: $? = 0
configure:7189: /usr/bin/nm -B conftest.o \| sed -n -e 's/^.*[ ]\([ABCDGIRSTW][ABCDGIRSTW]*\)[ ][ ]*\([_A-Za-z][_A-Za-z0-9]*\)$/\1 \2 \2/p' | sed '/ __gnu_lto/d' \> conftest.nm
configure:7192: $? = 0
configure:7258: gcc -o conftest -g -O2 -DINSIDE_OPENMPI -DINSIDE_OPENMPI -I/home/shubh/Assignment/Distributed_Systems/MPI_Local/openmpi-1.10.7/ompi/include -I/home/shubh/Assignment/Distributed_Systems/MPI_Local/openmpi-1.10.7/ompi/contrib/vt/vt/../../../include -I/home/shubh/Assignment/Distributed_Systems/MPI_Local/openmpi-1.10.7/ompi/contrib/vt/vt/../../../include -L/home/shubh/Assignment/Distributed_Systems/MPI_Local/openmpi-1.10.7/ompi/.libs -L/home/shubh/Assignment/Distributed_Systems/MPI_Local/openmpi-1.10.7/ompi/contrib/vt/vt/../../../.libs conftest.c conftstm.o >&5
configure:7261: $? = 0
configure:7299: result: ok
configure:7346: checking for sysroot
configure:7376: result: no
configure:7383: checking for a working dd
configure:7421: result: /bin/dd
configure:7425: checking how to truncate binary pipes
configure:7440: result: /bin/dd bs=4096 count=1
configure:7576: gcc -c -g -O2 -DINSIDE_OPENMPI -DINSIDE_OPENMPI -I/home/shubh/Assignment/Distributed_Systems/MPI_Local/openmpi-1.10.7/ompi/include -I/home/shubh/Assignment/Distributed_Systems/MPI_Local/openmpi-1.10.7/ompi/contrib/vt/vt/../../../include -I/home/shubh/Assignment/Distributed_Systems/MPI_Local/openmpi-1.10.7/ompi/contrib/vt/vt/../../../include conftest.c >&5
configure:7579: $? = 0
configure:7769: checking for mt
configure:7785: found /bin/mt
configure:7796: result: mt
configure:7819: checking if mt is a manifest tool
configure:7825: mt '-?'
configure:7833: result: no
configure:8510: checking how to run the C preprocessor
configure:8541: gcc -E -DINSIDE_OPENMPI -DINSIDE_OPENMPI -I/home/shubh/Assignment/Distributed_Systems/MPI_Local/openmpi-1.10.7/ompi/include -I/home/shubh/Assignment/Distributed_Systems/MPI_Local/openmpi-1.10.7/ompi/contrib/vt/vt/../../../include -I/home/shubh/Assignment/Distributed_Systems/MPI_Local/openmpi-1.10.7/ompi/contrib/vt/vt/../../../include conftest.c
configure:8541: $? = 0
configure:8555: gcc -E -DINSIDE_OPENMPI -DINSIDE_OPENMPI -I/home/shubh/Assignment/Distributed_Systems/MPI_Local/openmpi-1.10.7/ompi/include -I/home/shubh/Assignment/Distributed_Systems/MPI_Local/openmpi-1.10.7/ompi/contrib/vt/vt/../../../include -I/home/shubh/Assignment/Distributed_Systems/MPI_Local/openmpi-1.10.7/ompi/contrib/vt/vt/../../../include conftest.c
conftest.c:11:28: fatal error: ac_nonexistent.h: No such file or directory
compilation terminated.
configure:8555: $? = 1
configure: failed program was:
| /* confdefs.h */
| #define PACKAGE_NAME "OTF"
| #define PACKAGE_TARNAME "OTF"
| #define PACKAGE_VERSION "1.12.3openmpi"
| #define PACKAGE_STRING "OTF 1.12.3openmpi"
| #define PACKAGE_BUGREPORT "andreas.knuepfer@tu-dresden.de"
| #define PACKAGE_URL ""
| #define PACKAGE "OTF"
| #define VERSION "1.12.3openmpi"
| /* end confdefs.h.  */
| #include <ac_nonexistent.h>
configure:8580: result: gcc -E
configure:8600: gcc -E -DINSIDE_OPENMPI -DINSIDE_OPENMPI -I/home/shubh/Assignment/Distributed_Systems/MPI_Local/openmpi-1.10.7/ompi/include -I/home/shubh/Assignment/Distributed_Systems/MPI_Local/openmpi-1.10.7/ompi/contrib/vt/vt/../../../include -I/home/shubh/Assignment/Distributed_Systems/MPI_Local/openmpi-1.10.7/ompi/contrib/vt/vt/../../../include conftest.c
configure:8600: $? = 0
configure:8614: gcc -E -DINSIDE_OPENMPI -DINSIDE_OPENMPI -I/home/shubh/Assignment/Distributed_Systems/MPI_Local/openmpi-1.10.7/ompi/include -I/home/shubh/Assignment/Distributed_Systems/MPI_Local/openmpi-1.10.7/ompi/contrib/vt/vt/../../../include -I/home/shubh/Assignment/Distributed_Systems/MPI_Local/openmpi-1.10.7/ompi/contrib/vt/vt/../../../include conftest.c
conftest.c:11:28: fatal error: ac_nonexistent.h: No such file or directory
compilation terminated.
configure:8614: $? = 1
configure: failed program was:
| /* confdefs.h */
| #define PACKAGE_NAME "OTF"
| #define PACKAGE_TARNAME "OTF"
| #define PACKAGE_VERSION "1.12.3openmpi"
| #define PACKAGE_STRING "OTF 1.12.3openmpi"
| #define PACKAGE_BUGREPORT "andreas.knuepfer@tu-dresden.de"
| #define PACKAGE_URL ""
| #define PACKAGE "OTF"
| #define VERSION "1.12.3openmpi"
| /* end confdefs.h.  */
| #include <ac_nonexistent.h>
configure:8643: checking for ANSI C header files
configure:8663: gcc -c -g -O2 -DINSIDE_OPENMPI -DINSIDE_OPENMPI -I/home/shubh/Assignment/Distributed_Systems/MPI_Local/openmpi-1.10.7/ompi/include -I/home/shubh/Assignment/Distributed_Systems/MPI_Local/openmpi-1.10.7/ompi/contrib/vt/vt/../../../include -I/home/shubh/Assignment/Distributed_Systems/MPI_Local/openmpi-1.10.7/ompi/contrib/vt/vt/../../../include conftest.c >&5
configure:8663: $? = 0
configure:8736: gcc -o conftest -g -O2 -DINSIDE_OPENMPI -DINSIDE_OPENMPI -I/home/shubh/Assignment/Distributed_Systems/MPI_Local/openmpi-1.10.7/ompi/include -I/home/shubh/Assignment/Distributed_Systems/MPI_Local/openmpi-1.10.7/ompi/contrib/vt/vt/../../../include -I/home/shubh/Assignment/Distributed_Systems/MPI_Local/openmpi-1.10.7/ompi/contrib/vt/vt/../../../include -L/home/shubh/Assignment/Distributed_Systems/MPI_Local/openmpi-1.10.7/ompi/.libs -L/home/shubh/Assignment/Distributed_Systems/MPI_Local/openmpi-1.10.7/ompi/contrib/vt/vt/../../../.libs conftest.c  >&5
configure:8736: $? = 0
configure:8736: ./conftest
configure:8736: $? = 0
configure:8747: result: yes
configure:8760: checking for sys/types.h
configure:8760: gcc -c -g -O2 -DINSIDE_OPENMPI -DINSIDE_OPENMPI -I/home/shubh/Assignment/Distributed_Systems/MPI_Local/openmpi-1.10.7/ompi/include -I/home/shubh/Assignment/Distributed_Systems/MPI_Local/openmpi-1.10.7/ompi/contrib/vt/vt/../../../include -I/home/shubh/Assignment/Distributed_Systems/MPI_Local/openmpi-1.10.7/ompi/contrib/vt/vt/../../../include conftest.c >&5
configure:8760: $? = 0
configure:8760: result: yes
configure:8760: checking for sys/stat.h
configure:8760: gcc -c -g -O2 -DINSIDE_OPENMPI -DINSIDE_OPENMPI -I/home/shubh/Assignment/Distributed_Systems/MPI_Local/openmpi-1.10.7/ompi/include -I/home/shubh/Assignment/Distributed_Systems/MPI_Local/openmpi-1.10.7/ompi/contrib/vt/vt/../../../include -I/home/shubh/Assignment/Distributed_Systems/MPI_Local/openmpi-1.10.7/ompi/contrib/vt/vt/../../../include conftest.c >&5
configure:8760: $? = 0
configure:8760: result: yes
configure:8760: checking for stdlib.h
configure:8760: gcc -c -g -O2 -DINSIDE_OPENMPI -DINSIDE_OPENMPI -I/home/shubh/Assignment/Distributed_Systems/MPI_Local/openmpi-1.10.7/ompi/include -I/home/shubh/Assignment/Distributed_Systems/MPI_Local/openmpi-1.10.7/ompi/contrib/vt/vt/../../../include -I/home/shubh/Assignment/Distributed_Systems/MPI_Local/openmpi-1.10.7/ompi/contrib/vt/vt/../../../include conftest.c >&5
configure:8760: $? = 0
configure:8760: result: yes
configure:8760: checking for string.h
configure:8760: gcc -c -g -O2 -DINSIDE_OPENMPI -DINSIDE_OPENMPI -I/home/shubh/Assignment/Distributed_Systems/MPI_Local/openmpi-1.10.7/ompi/include -I/home/shubh/Assignment/Distributed_Systems/MPI_Local/openmpi-1.10.7/ompi/contrib/vt/vt/../../../include -I/home/shubh/Assignment/Distributed_Systems/MPI_Local/openmpi-1.10.7/ompi/contrib/vt/vt/../../../include conftest.c >&5
configure:8760: $? = 0
configure:8760: result: yes
configure:8760: checking for memory.h
configure:8760: gcc -c -g -O2 -DINSIDE_OPENMPI -DINSIDE_OPENMPI -I/home/shubh/Assignment/Distributed_Systems/MPI_Local/openmpi-1.10.7/ompi/include -I/home/shubh/Assignment/Distributed_Systems/MPI_Local/openmpi-1.10.7/ompi/contrib/vt/vt/../../../include -I/home/shubh/Assignment/Distributed_Systems/MPI_Local/openmpi-1.10.7/ompi/contrib/vt/vt/../../../include conftest.c >&5
configure:8760: $? = 0
configure:8760: result: yes
configure:8760: checking for strings.h
configure:8760: gcc -c -g -O2 -DINSIDE_OPENMPI -DINSIDE_OPENMPI -I/home/shubh/Assignment/Distributed_Systems/MPI_Local/openmpi-1.10.7/ompi/include -I/home/shubh/Assignment/Distributed_Systems/MPI_Local/openmpi-1.10.7/ompi/contrib/vt/vt/../../../include -I/home/shubh/Assignment/Distributed_Systems/MPI_Local/openmpi-1.10.7/ompi/contrib/vt/vt/../../../include conftest.c >&5
configure:8760: $? = 0
configure:8760: result: yes
configure:8760: checking for inttypes.h
configure:8760: gcc -c -g -O2 -DINSIDE_OPENMPI -DINSIDE_OPENMPI -I/home/shubh/Assignment/Distributed_Systems/MPI_Local/openmpi-1.10.7/ompi/include -I/home/shubh/Assignment/Distributed_Systems/MPI_Local/openmpi-1.10.7/ompi/contrib/vt/vt/../../../include -I/home/shubh/Assignment/Distributed_Systems/MPI_Local/openmpi-1.10.7/ompi/contrib/vt/vt/../../../include conftest.c >&5
configure:8760: $? = 0
configure:8760: result: yes
configure:8760: checking for stdint.h
configure:8760: gcc -c -g -O2 -DINSIDE_OPENMPI -DINSIDE_OPENMPI -I/home/shubh/Assignment/Distributed_Systems/MPI_Local/openmpi-1.10.7/ompi/include -I/home/shubh/Assignment/Distributed_Systems/MPI_Local/openmpi-1.10.7/ompi/contrib/vt/vt/../../../include -I/home/shubh/Assignment/Distributed_Systems/MPI_Local/openmpi-1.10.7/ompi/contrib/vt/vt/../../../include conftest.c >&5
configure:8760: $? = 0
configure:8760: result: yes
configure:8760: checking for unistd.h
configure:8760: gcc -c -g -O2 -DINSIDE_OPENMPI -DINSIDE_OPENMPI -I/home/shubh/Assignment/Distributed_Systems/MPI_Local/openmpi-1.10.7/ompi/include -I/home/shubh/Assignment/Distributed_Systems/MPI_Local/openmpi-1.10.7/ompi/contrib/vt/vt/../../../include -I/home/shubh/Assignment/Distributed_Systems/MPI_Local/openmpi-1.10.7/ompi/contrib/vt/vt/../../../include conftest.c >&5
configure:8760: $? = 0
configure:8760: result: yes
configure:8774: checking for dlfcn.h
configure:8774: gcc -c -g -O2 -DINSIDE_OPENMPI -DINSIDE_OPENMPI -I/home/shubh/Assignment/Distributed_Systems/MPI_Local/openmpi-1.10.7/ompi/include -I/home/shubh/Assignment/Distributed_Systems/MPI_Local/openmpi-1.10.7/ompi/contrib/vt/vt/../../../include -I/home/shubh/Assignment/Distributed_Systems/MPI_Local/openmpi-1.10.7/ompi/contrib/vt/vt/../../../include conftest.c >&5
configure:8774: $? = 0
configure:8774: result: yes
configure:9041: checking for objdir
configure:9056: result: .libs
configure:9320: checking if gcc supports -fno-rtti -fno-exceptions
configure:9338: gcc -c -g -O2 -DINSIDE_OPENMPI -DINSIDE_OPENMPI -I/home/shubh/Assignment/Distributed_Systems/MPI_Local/openmpi-1.10.7/ompi/include -I/home/shubh/Assignment/Distributed_Systems/MPI_Local/openmpi-1.10.7/ompi/contrib/vt/vt/../../../include -I/home/shubh/Assignment/Distributed_Systems/MPI_Local/openmpi-1.10.7/ompi/contrib/vt/vt/../../../include -fno-rtti -fno-exceptions conftest.c >&5
cc1: warning: command line option '-fno-rtti' is valid for C++/ObjC++ but not for C
configure:9342: $? = 0
configure:9355: result: no
configure:9713: checking for gcc option to produce PIC
configure:9720: result: -fPIC -DPIC
configure:9728: checking if gcc PIC flag -fPIC -DPIC works
configure:9746: gcc -c -g -O2 -DINSIDE_OPENMPI -DINSIDE_OPENMPI -I/home/shubh/Assignment/Distributed_Systems/MPI_Local/openmpi-1.10.7/ompi/include -I/home/shubh/Assignment/Distributed_Systems/MPI_Local/openmpi-1.10.7/ompi/contrib/vt/vt/../../../include -I/home/shubh/Assignment/Distributed_Systems/MPI_Local/openmpi-1.10.7/ompi/contrib/vt/vt/../../../include -fPIC -DPIC -DPIC conftest.c >&5
configure:9750: $? = 0
configure:9763: result: yes
configure:9792: checking if gcc static flag -static works
configure:9820: result: yes
configure:9835: checking if gcc supports -c -o file.o
configure:9856: gcc -c -g -O2 -DINSIDE_OPENMPI -DINSIDE_OPENMPI -I/home/shubh/Assignment/Distributed_Systems/MPI_Local/openmpi-1.10.7/ompi/include -I/home/shubh/Assignment/Distributed_Systems/MPI_Local/openmpi-1.10.7/ompi/contrib/vt/vt/../../../include -I/home/shubh/Assignment/Distributed_Systems/MPI_Local/openmpi-1.10.7/ompi/contrib/vt/vt/../../../include -o out/conftest2.o conftest.c >&5
configure:9860: $? = 0
configure:9882: result: yes
configure:9890: checking if gcc supports -c -o file.o
configure:9937: result: yes
configure:9970: checking whether the gcc linker (/usr/bin/ld -m elf_x86_64) supports shared libraries
configure:11229: result: yes
configure:11266: checking whether -lc should be explicitly linked in
configure:11274: gcc -c -g -O2 -DINSIDE_OPENMPI -DINSIDE_OPENMPI -I/home/shubh/Assignment/Distributed_Systems/MPI_Local/openmpi-1.10.7/ompi/include -I/home/shubh/Assignment/Distributed_Systems/MPI_Local/openmpi-1.10.7/ompi/contrib/vt/vt/../../../include -I/home/shubh/Assignment/Distributed_Systems/MPI_Local/openmpi-1.10.7/ompi/contrib/vt/vt/../../../include conftest.c >&5
configure:11277: $? = 0
configure:11292: gcc -shared  -fPIC -DPIC conftest.o  -v -Wl,-soname -Wl,conftest -o conftest 2\>\&1 \| /bin/grep  -lc  \>/dev/null 2\>\&1
configure:11295: $? = 0
configure:11309: result: no
configure:11469: checking dynamic linker characteristics
configure:12050: gcc -o conftest -g -O2 -DINSIDE_OPENMPI -DINSIDE_OPENMPI -I/home/shubh/Assignment/Distributed_Systems/MPI_Local/openmpi-1.10.7/ompi/include -I/home/shubh/Assignment/Distributed_Systems/MPI_Local/openmpi-1.10.7/ompi/contrib/vt/vt/../../../include -I/home/shubh/Assignment/Distributed_Systems/MPI_Local/openmpi-1.10.7/ompi/contrib/vt/vt/../../../include -L/home/shubh/Assignment/Distributed_Systems/MPI_Local/openmpi-1.10.7/ompi/.libs -L/home/shubh/Assignment/Distributed_Systems/MPI_Local/openmpi-1.10.7/ompi/contrib/vt/vt/../../../.libs -Wl,-rpath -Wl,/foo conftest.c  >&5
configure:12050: $? = 0
configure:12287: result: GNU/Linux ld.so
configure:12409: checking how to hardcode library paths into programs
configure:12434: result: immediate
configure:12982: checking whether stripping libraries is possible
configure:12987: result: yes
configure:13022: checking if libtool supports shared libraries
configure:13024: result: yes
configure:13027: checking whether to build shared libraries
configure:13052: result: yes
configure:13055: checking whether to build static libraries
configure:13059: result: yes
configure:13082: checking how to run the C++ preprocessor
configure:13109: g++ -E -DINSIDE_OPENMPI -DINSIDE_OPENMPI -I/home/shubh/Assignment/Distributed_Systems/MPI_Local/openmpi-1.10.7/ompi/include -I/home/shubh/Assignment/Distributed_Systems/MPI_Local/openmpi-1.10.7/ompi/contrib/vt/vt/../../../include -I/home/shubh/Assignment/Distributed_Systems/MPI_Local/openmpi-1.10.7/ompi/contrib/vt/vt/../../../include conftest.cpp
configure:13109: $? = 0
configure:13123: g++ -E -DINSIDE_OPENMPI -DINSIDE_OPENMPI -I/home/shubh/Assignment/Distributed_Systems/MPI_Local/openmpi-1.10.7/ompi/include -I/home/shubh/Assignment/Distributed_Systems/MPI_Local/openmpi-1.10.7/ompi/contrib/vt/vt/../../../include -I/home/shubh/Assignment/Distributed_Systems/MPI_Local/openmpi-1.10.7/ompi/contrib/vt/vt/../../../include conftest.cpp
conftest.cpp:23:28: fatal error: ac_nonexistent.h: No such file or directory
compilation terminated.
configure:13123: $? = 1
configure: failed program was:
| /* confdefs.h */
| #define PACKAGE_NAME "OTF"
| #define PACKAGE_TARNAME "OTF"
| #define PACKAGE_VERSION "1.12.3openmpi"
| #define PACKAGE_STRING "OTF 1.12.3openmpi"
| #define PACKAGE_BUGREPORT "andreas.knuepfer@tu-dresden.de"
| #define PACKAGE_URL ""
| #define PACKAGE "OTF"
| #define VERSION "1.12.3openmpi"
| #define STDC_HEADERS 1
| #define HAVE_SYS_TYPES_H 1
| #define HAVE_SYS_STAT_H 1
| #define HAVE_STDLIB_H 1
| #define HAVE_STRING_H 1
| #define HAVE_MEMORY_H 1
| #define HAVE_STRINGS_H 1
| #define HAVE_INTTYPES_H 1
| #define HAVE_STDINT_H 1
| #define HAVE_UNISTD_H 1
| #define HAVE_DLFCN_H 1
| #define LT_OBJDIR ".libs/"
| /* end confdefs.h.  */
| #include <ac_nonexistent.h>
configure:13148: result: g++ -E
configure:13168: g++ -E -DINSIDE_OPENMPI -DINSIDE_OPENMPI -I/home/shubh/Assignment/Distributed_Systems/MPI_Local/openmpi-1.10.7/ompi/include -I/home/shubh/Assignment/Distributed_Systems/MPI_Local/openmpi-1.10.7/ompi/contrib/vt/vt/../../../include -I/home/shubh/Assignment/Distributed_Systems/MPI_Local/openmpi-1.10.7/ompi/contrib/vt/vt/../../../include conftest.cpp
configure:13168: $? = 0
configure:13182: g++ -E -DINSIDE_OPENMPI -DINSIDE_OPENMPI -I/home/shubh/Assignment/Distributed_Systems/MPI_Local/openmpi-1.10.7/ompi/include -I/home/shubh/Assignment/Distributed_Systems/MPI_Local/openmpi-1.10.7/ompi/contrib/vt/vt/../../../include -I/home/shubh/Assignment/Distributed_Systems/MPI_Local/openmpi-1.10.7/ompi/contrib/vt/vt/../../../include conftest.cpp
conftest.cpp:23:28: fatal error: ac_nonexistent.h: No such file or directory
compilation terminated.
configure:13182: $? = 1
configure: failed program was:
| /* confdefs.h */
| #define PACKAGE_NAME "OTF"
| #define PACKAGE_TARNAME "OTF"
| #define PACKAGE_VERSION "1.12.3openmpi"
| #define PACKAGE_STRING "OTF 1.12.3openmpi"
| #define PACKAGE_BUGREPORT "andreas.knuepfer@tu-dresden.de"
| #define PACKAGE_URL ""
| #define PACKAGE "OTF"
| #define VERSION "1.12.3openmpi"
| #define STDC_HEADERS 1
| #define HAVE_SYS_TYPES_H 1
| #define HAVE_SYS_STAT_H 1
| #define HAVE_STDLIB_H 1
| #define HAVE_STRING_H 1
| #define HAVE_MEMORY_H 1
| #define HAVE_STRINGS_H 1
| #define HAVE_INTTYPES_H 1
| #define HAVE_STDINT_H 1
| #define HAVE_UNISTD_H 1
| #define HAVE_DLFCN_H 1
| #define LT_OBJDIR ".libs/"
| /* end confdefs.h.  */
| #include <ac_nonexistent.h>
configure:13344: checking for ld used by g++
configure:13411: result: /usr/bin/ld -m elf_x86_64
configure:13418: checking if the linker (/usr/bin/ld -m elf_x86_64) is GNU ld
configure:13433: result: yes
configure:13488: checking whether the g++ linker (/usr/bin/ld -m elf_x86_64) supports shared libraries
configure:14561: result: yes
configure:14597: g++ -c -g -O2 -DINSIDE_OPENMPI -DINSIDE_OPENMPI -I/home/shubh/Assignment/Distributed_Systems/MPI_Local/openmpi-1.10.7/ompi/include -I/home/shubh/Assignment/Distributed_Systems/MPI_Local/openmpi-1.10.7/ompi/contrib/vt/vt/../../../include -I/home/shubh/Assignment/Distributed_Systems/MPI_Local/openmpi-1.10.7/ompi/contrib/vt/vt/../../../include conftest.cpp >&5
configure:14600: $? = 0
configure:15082: checking for g++ option to produce PIC
configure:15089: result: -fPIC -DPIC
configure:15097: checking if g++ PIC flag -fPIC -DPIC works
configure:15115: g++ -c -g -O2 -DINSIDE_OPENMPI -DINSIDE_OPENMPI -I/home/shubh/Assignment/Distributed_Systems/MPI_Local/openmpi-1.10.7/ompi/include -I/home/shubh/Assignment/Distributed_Systems/MPI_Local/openmpi-1.10.7/ompi/contrib/vt/vt/../../../include -I/home/shubh/Assignment/Distributed_Systems/MPI_Local/openmpi-1.10.7/ompi/contrib/vt/vt/../../../include -fPIC -DPIC -DPIC conftest.cpp >&5
configure:15119: $? = 0
configure:15132: result: yes
configure:15155: checking if g++ static flag -static works
configure:15183: result: yes
configure:15195: checking if g++ supports -c -o file.o
configure:15216: g++ -c -g -O2 -DINSIDE_OPENMPI -DINSIDE_OPENMPI -I/home/shubh/Assignment/Distributed_Systems/MPI_Local/openmpi-1.10.7/ompi/include -I/home/shubh/Assignment/Distributed_Systems/MPI_Local/openmpi-1.10.7/ompi/contrib/vt/vt/../../../include -I/home/shubh/Assignment/Distributed_Systems/MPI_Local/openmpi-1.10.7/ompi/contrib/vt/vt/../../../include -o out/conftest2.o conftest.cpp >&5
configure:15220: $? = 0
configure:15242: result: yes
configure:15247: checking if g++ supports -c -o file.o
configure:15294: result: yes
configure:15324: checking whether the g++ linker (/usr/bin/ld -m elf_x86_64) supports shared libraries
configure:15364: result: yes
configure:15505: checking dynamic linker characteristics
configure:16250: result: GNU/Linux ld.so
configure:16315: checking how to hardcode library paths into programs
configure:16340: result: immediate
configure:16402: checking whether byte ordering is bigendian
configure:16417: gcc -c -g -O2 -DINSIDE_OPENMPI -DINSIDE_OPENMPI -I/home/shubh/Assignment/Distributed_Systems/MPI_Local/openmpi-1.10.7/ompi/include -I/home/shubh/Assignment/Distributed_Systems/MPI_Local/openmpi-1.10.7/ompi/contrib/vt/vt/../../../include -I/home/shubh/Assignment/Distributed_Systems/MPI_Local/openmpi-1.10.7/ompi/contrib/vt/vt/../../../include conftest.c >&5
conftest.c:24:9: error: unknown type name 'not'
         not a universal capable compiler
         ^
conftest.c:24:15: error: expected '=', ',', ';', 'asm' or '__attribute__' before 'universal'
         not a universal capable compiler
               ^
conftest.c:24:15: error: unknown type name 'universal'
configure:16417: $? = 1
configure: failed program was:
| /* confdefs.h */
| #define PACKAGE_NAME "OTF"
| #define PACKAGE_TARNAME "OTF"
| #define PACKAGE_VERSION "1.12.3openmpi"
| #define PACKAGE_STRING "OTF 1.12.3openmpi"
| #define PACKAGE_BUGREPORT "andreas.knuepfer@tu-dresden.de"
| #define PACKAGE_URL ""
| #define PACKAGE "OTF"
| #define VERSION "1.12.3openmpi"
| #define STDC_HEADERS 1
| #define HAVE_SYS_TYPES_H 1
| #define HAVE_SYS_STAT_H 1
| #define HAVE_STDLIB_H 1
| #define HAVE_STRING_H 1
| #define HAVE_MEMORY_H 1
| #define HAVE_STRINGS_H 1
| #define HAVE_INTTYPES_H 1
| #define HAVE_STDINT_H 1
| #define HAVE_UNISTD_H 1
| #define HAVE_DLFCN_H 1
| #define LT_OBJDIR ".libs/"
| /* end confdefs.h.  */
| #ifndef __APPLE_CC__
| 	       not a universal capable compiler
| 	     #endif
| 	     typedef int dummy;
| 
configure:16462: gcc -c -g -O2 -DINSIDE_OPENMPI -DINSIDE_OPENMPI -I/home/shubh/Assignment/Distributed_Systems/MPI_Local/openmpi-1.10.7/ompi/include -I/home/shubh/Assignment/Distributed_Systems/MPI_Local/openmpi-1.10.7/ompi/contrib/vt/vt/../../../include -I/home/shubh/Assignment/Distributed_Systems/MPI_Local/openmpi-1.10.7/ompi/contrib/vt/vt/../../../include conftest.c >&5
configure:16462: $? = 0
configure:16480: gcc -c -g -O2 -DINSIDE_OPENMPI -DINSIDE_OPENMPI -I/home/shubh/Assignment/Distributed_Systems/MPI_Local/openmpi-1.10.7/ompi/include -I/home/shubh/Assignment/Distributed_Systems/MPI_Local/openmpi-1.10.7/ompi/contrib/vt/vt/../../../include -I/home/shubh/Assignment/Distributed_Systems/MPI_Local/openmpi-1.10.7/ompi/contrib/vt/vt/../../../include conftest.c >&5
conftest.c: In function 'main':
conftest.c:30:4: error: unknown type name 'not'
    not big endian
    ^
conftest.c:30:12: error: expected '=', ',', ';', 'asm' or '__attribute__' before 'endian'
    not big endian
            ^
configure:16480: $? = 1
configure: failed program was:
| /* confdefs.h */
| #define PACKAGE_NAME "OTF"
| #define PACKAGE_TARNAME "OTF"
| #define PACKAGE_VERSION "1.12.3openmpi"
| #define PACKAGE_STRING "OTF 1.12.3openmpi"
| #define PACKAGE_BUGREPORT "andreas.knuepfer@tu-dresden.de"
| #define PACKAGE_URL ""
| #define PACKAGE "OTF"
| #define VERSION "1.12.3openmpi"
| #define STDC_HEADERS 1
| #define HAVE_SYS_TYPES_H 1
| #define HAVE_SYS_STAT_H 1
| #define HAVE_STDLIB_H 1
| #define HAVE_STRING_H 1
| #define HAVE_MEMORY_H 1
| #define HAVE_STRINGS_H 1
| #define HAVE_INTTYPES_H 1
| #define HAVE_STDINT_H 1
| #define HAVE_UNISTD_H 1
| #define HAVE_DLFCN_H 1
| #define LT_OBJDIR ".libs/"
| /* end confdefs.h.  */
| #include <sys/types.h>
| 		#include <sys/param.h>
| 
| int
| main ()
| {
| #if BYTE_ORDER != BIG_ENDIAN
| 		 not big endian
| 		#endif
| 
|   ;
|   return 0;
| }
configure:16608: result: no
configure:16728: checking for mpicc
configure:16755: result: gcc
configure:16922: checking for mpic++
configure:16949: result: g++
configure:17223: checking for OpenMP flag of C++ compiler
configure:17257: g++ -c -g -O2 -fopenmp -DINSIDE_OPENMPI -DINSIDE_OPENMPI -I/home/shubh/Assignment/Distributed_Systems/MPI_Local/openmpi-1.10.7/ompi/include -I/home/shubh/Assignment/Distributed_Systems/MPI_Local/openmpi-1.10.7/ompi/contrib/vt/vt/../../../include -I/home/shubh/Assignment/Distributed_Systems/MPI_Local/openmpi-1.10.7/ompi/contrib/vt/vt/../../../include -D_GNU_SOURCE conftest.cpp >&5
configure:17257: $? = 0
configure:17265: result: -fopenmp
configure:17350: checking vtf3.h usability
configure:17350: gcc -c -g -O2 -DINSIDE_OPENMPI -DINSIDE_OPENMPI -I/home/shubh/Assignment/Distributed_Systems/MPI_Local/openmpi-1.10.7/ompi/include -I/home/shubh/Assignment/Distributed_Systems/MPI_Local/openmpi-1.10.7/ompi/contrib/vt/vt/../../../include -I/home/shubh/Assignment/Distributed_Systems/MPI_Local/openmpi-1.10.7/ompi/contrib/vt/vt/../../../include -D_GNU_SOURCE conftest.c >&5
conftest.c:56:18: fatal error: vtf3.h: No such file or directory
compilation terminated.
configure:17350: $? = 1
configure: failed program was:
| /* confdefs.h */
| #define PACKAGE_NAME "OTF"
| #define PACKAGE_TARNAME "OTF"
| #define PACKAGE_VERSION "1.12.3openmpi"
| #define PACKAGE_STRING "OTF 1.12.3openmpi"
| #define PACKAGE_BUGREPORT "andreas.knuepfer@tu-dresden.de"
| #define PACKAGE_URL ""
| #define PACKAGE "OTF"
| #define VERSION "1.12.3openmpi"
| #define STDC_HEADERS 1
| #define HAVE_SYS_TYPES_H 1
| #define HAVE_SYS_STAT_H 1
| #define HAVE_STDLIB_H 1
| #define HAVE_STRING_H 1
| #define HAVE_MEMORY_H 1
| #define HAVE_STRINGS_H 1
| #define HAVE_INTTYPES_H 1
| #define HAVE_STDINT_H 1
| #define HAVE_UNISTD_H 1
| #define HAVE_DLFCN_H 1
| #define LT_OBJDIR ".libs/"
| /* end confdefs.h.  */
| #include <stdio.h>
| #ifdef HAVE_SYS_TYPES_H
| # include <sys/types.h>
| #endif
| #ifdef HAVE_SYS_STAT_H
| # include <sys/stat.h>
| #endif
| #ifdef STDC_HEADERS
| # include <stdlib.h>
| # include <stddef.h>
| #else
| # ifdef HAVE_STDLIB_H
| #  include <stdlib.h>
| # endif
| #endif
| #ifdef HAVE_STRING_H
| # if !defined STDC_HEADERS && defined HAVE_MEMORY_H
| #  include <memory.h>
| # endif
| # include <string.h>
| #endif
| #ifdef HAVE_STRINGS_H
| # include <strings.h>
| #endif
| #ifdef HAVE_INTTYPES_H
| # include <inttypes.h>
| #endif
| #ifdef HAVE_STDINT_H
| # include <stdint.h>
| #endif
| #ifdef HAVE_UNISTD_H
| # include <unistd.h>
| #endif
| #include <vtf3.h>
configure:17350: result: no
configure:17350: checking vtf3.h presence
configure:17350: gcc -E -DINSIDE_OPENMPI -DINSIDE_OPENMPI -I/home/shubh/Assignment/Distributed_Systems/MPI_Local/openmpi-1.10.7/ompi/include -I/home/shubh/Assignment/Distributed_Systems/MPI_Local/openmpi-1.10.7/ompi/contrib/vt/vt/../../../include -I/home/shubh/Assignment/Distributed_Systems/MPI_Local/openmpi-1.10.7/ompi/contrib/vt/vt/../../../include -D_GNU_SOURCE conftest.c
conftest.c:23:18: fatal error: vtf3.h: No such file or directory
compilation terminated.
configure:17350: $? = 1
configure: failed program was:
| /* confdefs.h */
| #define PACKAGE_NAME "OTF"
| #define PACKAGE_TARNAME "OTF"
| #define PACKAGE_VERSION "1.12.3openmpi"
| #define PACKAGE_STRING "OTF 1.12.3openmpi"
| #define PACKAGE_BUGREPORT "andreas.knuepfer@tu-dresden.de"
| #define PACKAGE_URL ""
| #define PACKAGE "OTF"
| #define VERSION "1.12.3openmpi"
| #define STDC_HEADERS 1
| #define HAVE_SYS_TYPES_H 1
| #define HAVE_SYS_STAT_H 1
| #define HAVE_STDLIB_H 1
| #define HAVE_STRING_H 1
| #define HAVE_MEMORY_H 1
| #define HAVE_STRINGS_H 1
| #define HAVE_INTTYPES_H 1
| #define HAVE_STDINT_H 1
| #define HAVE_UNISTD_H 1
| #define HAVE_DLFCN_H 1
| #define LT_OBJDIR ".libs/"
| /* end confdefs.h.  */
| #include <vtf3.h>
configure:17350: result: no
configure:17350: checking for vtf3.h
configure:17350: result: no
configure:17355: error: no vtf3.h found; check path for VTF3 package first...
configure:17489: checking zlib.h usability
configure:17489: gcc -c -g -O2 -DINSIDE_OPENMPI -DINSIDE_OPENMPI -I/home/shubh/Assignment/Distributed_Systems/MPI_Local/openmpi-1.10.7/ompi/include -I/home/shubh/Assignment/Distributed_Systems/MPI_Local/openmpi-1.10.7/ompi/contrib/vt/vt/../../../include -I/home/shubh/Assignment/Distributed_Systems/MPI_Local/openmpi-1.10.7/ompi/contrib/vt/vt/../../../include -D_GNU_SOURCE conftest.c >&5
configure:17489: $? = 0
configure:17489: result: yes
configure:17489: checking zlib.h presence
configure:17489: gcc -E -DINSIDE_OPENMPI -DINSIDE_OPENMPI -I/home/shubh/Assignment/Distributed_Systems/MPI_Local/openmpi-1.10.7/ompi/include -I/home/shubh/Assignment/Distributed_Systems/MPI_Local/openmpi-1.10.7/ompi/contrib/vt/vt/../../../include -I/home/shubh/Assignment/Distributed_Systems/MPI_Local/openmpi-1.10.7/ompi/contrib/vt/vt/../../../include -D_GNU_SOURCE conftest.c
configure:17489: $? = 0
configure:17489: result: yes
configure:17489: checking for zlib.h
configure:17489: result: yes
configure:17847: checking whether linking with -lm works
configure:17860: gcc -o conftest -g -O2 -DINSIDE_OPENMPI -DINSIDE_OPENMPI -I/home/shubh/Assignment/Distributed_Systems/MPI_Local/openmpi-1.10.7/ompi/include -I/home/shubh/Assignment/Distributed_Systems/MPI_Local/openmpi-1.10.7/ompi/contrib/vt/vt/../../../include -I/home/shubh/Assignment/Distributed_Systems/MPI_Local/openmpi-1.10.7/ompi/contrib/vt/vt/../../../include -D_GNU_SOURCE -L/home/shubh/Assignment/Distributed_Systems/MPI_Local/openmpi-1.10.7/ompi/.libs -L/home/shubh/Assignment/Distributed_Systems/MPI_Local/openmpi-1.10.7/ompi/contrib/vt/vt/../../../.libs conftest.c  -lm >&5
configure:17860: $? = 0
configure:17861: result: yes
configure:17873: checking whether we need to link -lm to get math functions
configure:17889: gcc -o conftest -g -O2 -DINSIDE_OPENMPI -DINSIDE_OPENMPI -I/home/shubh/Assignment/Distributed_Systems/MPI_Local/openmpi-1.10.7/ompi/include -I/home/shubh/Assignment/Distributed_Systems/MPI_Local/openmpi-1.10.7/ompi/contrib/vt/vt/../../../include -I/home/shubh/Assignment/Distributed_Systems/MPI_Local/openmpi-1.10.7/ompi/contrib/vt/vt/../../../include -D_GNU_SOURCE -L/home/shubh/Assignment/Distributed_Systems/MPI_Local/openmpi-1.10.7/ompi/.libs -L/home/shubh/Assignment/Distributed_Systems/MPI_Local/openmpi-1.10.7/ompi/contrib/vt/vt/../../../.libs conftest.c  >&5
/tmp/cceFSIgW.o: In function `main':
/home/shubh/Assignment/Distributed_Systems/MPI_Local/openmpi-1.10.7/ompi/contrib/vt/vt/extlib/otf/conftest.c:30: undefined reference to `ceil'
collect2: error: ld returned 1 exit status
configure:17889: $? = 1
configure: failed program was:
| /* confdefs.h */
| #define PACKAGE_NAME "OTF"
| #define PACKAGE_TARNAME "OTF"
| #define PACKAGE_VERSION "1.12.3openmpi"
| #define PACKAGE_STRING "OTF 1.12.3openmpi"
| #define PACKAGE_BUGREPORT "andreas.knuepfer@tu-dresden.de"
| #define PACKAGE_URL ""
| #define PACKAGE "OTF"
| #define VERSION "1.12.3openmpi"
| #define STDC_HEADERS 1
| #define HAVE_SYS_TYPES_H 1
| #define HAVE_SYS_STAT_H 1
| #define HAVE_STDLIB_H 1
| #define HAVE_STRING_H 1
| #define HAVE_MEMORY_H 1
| #define HAVE_STRINGS_H 1
| #define HAVE_INTTYPES_H 1
| #define HAVE_STDINT_H 1
| #define HAVE_UNISTD_H 1
| #define HAVE_DLFCN_H 1
| #define LT_OBJDIR ".libs/"
| #define HAVE_ZLIB 1
| /* end confdefs.h.  */
| #include <math.h>
| int
| main ()
| {
| 
|   volatile double c, x = 47.11;
|   c = ceil(x);
| 
|   ;
|   return 0;
| }
configure:17893: result: yes
configure:18379: checking for pdflatex
configure:18395: found /usr/bin/pdflatex
configure:18406: result: pdflatex
configure:18424: checking for PGFPLOTS version >= 1.4
configure:18442: result: yes
configure:18495: checking for ANSI C header files
configure:18599: result: yes
configure:18610: checking ctype.h usability
configure:18610: gcc -c -g -O2 -DINSIDE_OPENMPI -DINSIDE_OPENMPI -I/home/shubh/Assignment/Distributed_Systems/MPI_Local/openmpi-1.10.7/ompi/include -I/home/shubh/Assignment/Distributed_Systems/MPI_Local/openmpi-1.10.7/ompi/contrib/vt/vt/../../../include -I/home/shubh/Assignment/Distributed_Systems/MPI_Local/openmpi-1.10.7/ompi/contrib/vt/vt/../../../include -D_GNU_SOURCE conftest.c >&5
configure:18610: $? = 0
configure:18610: result: yes
configure:18610: checking ctype.h presence
configure:18610: gcc -E -DINSIDE_OPENMPI -DINSIDE_OPENMPI -I/home/shubh/Assignment/Distributed_Systems/MPI_Local/openmpi-1.10.7/ompi/include -I/home/shubh/Assignment/Distributed_Systems/MPI_Local/openmpi-1.10.7/ompi/contrib/vt/vt/../../../include -I/home/shubh/Assignment/Distributed_Systems/MPI_Local/openmpi-1.10.7/ompi/contrib/vt/vt/../../../include -D_GNU_SOURCE conftest.c
configure:18610: $? = 0
configure:18610: result: yes
configure:18610: checking for ctype.h
configure:18610: result: yes
configure:18610: checking fcntl.h usability
configure:18610: gcc -c -g -O2 -DINSIDE_OPENMPI -DINSIDE_OPENMPI -I/home/shubh/Assignment/Distributed_Systems/MPI_Local/openmpi-1.10.7/ompi/include -I/home/shubh/Assignment/Distributed_Systems/MPI_Local/openmpi-1.10.7/ompi/contrib/vt/vt/../../../include -I/home/shubh/Assignment/Distributed_Systems/MPI_Local/openmpi-1.10.7/ompi/contrib/vt/vt/../../../include -D_GNU_SOURCE conftest.c >&5
configure:18610: $? = 0
configure:18610: result: yes
configure:18610: checking fcntl.h presence
configure:18610: gcc -E -DINSIDE_OPENMPI -DINSIDE_OPENMPI -I/home/shubh/Assignment/Distributed_Systems/MPI_Local/openmpi-1.10.7/ompi/include -I/home/shubh/Assignment/Distributed_Systems/MPI_Local/openmpi-1.10.7/ompi/contrib/vt/vt/../../../include -I/home/shubh/Assignment/Distributed_Systems/MPI_Local/openmpi-1.10.7/ompi/contrib/vt/vt/../../../include -D_GNU_SOURCE conftest.c
configure:18610: $? = 0
configure:18610: result: yes
configure:18610: checking for fcntl.h
configure:18610: result: yes
configure:18610: checking stddef.h usability
configure:18610: gcc -c -g -O2 -DINSIDE_OPENMPI -DINSIDE_OPENMPI -I/home/shubh/Assignment/Distributed_Systems/MPI_Local/openmpi-1.10.7/ompi/include -I/home/shubh/Assignment/Distributed_Systems/MPI_Local/openmpi-1.10.7/ompi/contrib/vt/vt/../../../include -I/home/shubh/Assignment/Distributed_Systems/MPI_Local/openmpi-1.10.7/ompi/contrib/vt/vt/../../../include -D_GNU_SOURCE conftest.c >&5
configure:18610: $? = 0
configure:18610: result: yes
configure:18610: checking stddef.h presence
configure:18610: gcc -E -DINSIDE_OPENMPI -DINSIDE_OPENMPI -I/home/shubh/Assignment/Distributed_Systems/MPI_Local/openmpi-1.10.7/ompi/include -I/home/shubh/Assignment/Distributed_Systems/MPI_Local/openmpi-1.10.7/ompi/contrib/vt/vt/../../../include -I/home/shubh/Assignment/Distributed_Systems/MPI_Local/openmpi-1.10.7/ompi/contrib/vt/vt/../../../include -D_GNU_SOURCE conftest.c
configure:18610: $? = 0
configure:18610: result: yes
configure:18610: checking for stddef.h
configure:18610: result: yes
configure:18610: checking for stdlib.h
configure:18610: result: yes
configure:18610: checking for string.h
configure:18610: result: yes
configure:18610: checking sys/param.h usability
configure:18610: gcc -c -g -O2 -DINSIDE_OPENMPI -DINSIDE_OPENMPI -I/home/shubh/Assignment/Distributed_Systems/MPI_Local/openmpi-1.10.7/ompi/include -I/home/shubh/Assignment/Distributed_Systems/MPI_Local/openmpi-1.10.7/ompi/contrib/vt/vt/../../../include -I/home/shubh/Assignment/Distributed_Systems/MPI_Local/openmpi-1.10.7/ompi/contrib/vt/vt/../../../include -D_GNU_SOURCE conftest.c >&5
configure:18610: $? = 0
configure:18610: result: yes
configure:18610: checking sys/param.h presence
configure:18610: gcc -E -DINSIDE_OPENMPI -DINSIDE_OPENMPI -I/home/shubh/Assignment/Distributed_Systems/MPI_Local/openmpi-1.10.7/ompi/include -I/home/shubh/Assignment/Distributed_Systems/MPI_Local/openmpi-1.10.7/ompi/contrib/vt/vt/../../../include -I/home/shubh/Assignment/Distributed_Systems/MPI_Local/openmpi-1.10.7/ompi/contrib/vt/vt/../../../include -D_GNU_SOURCE conftest.c
configure:18610: $? = 0
configure:18610: result: yes
configure:18610: checking for sys/param.h
configure:18610: result: yes
configure:18610: checking sys/select.h usability
configure:18610: gcc -c -g -O2 -DINSIDE_OPENMPI -DINSIDE_OPENMPI -I/home/shubh/Assignment/Distributed_Systems/MPI_Local/openmpi-1.10.7/ompi/include -I/home/shubh/Assignment/Distributed_Systems/MPI_Local/openmpi-1.10.7/ompi/contrib/vt/vt/../../../include -I/home/shubh/Assignment/Distributed_Systems/MPI_Local/openmpi-1.10.7/ompi/contrib/vt/vt/../../../include -D_GNU_SOURCE conftest.c >&5
configure:18610: $? = 0
configure:18610: result: yes
configure:18610: checking sys/select.h presence
configure:18610: gcc -E -DINSIDE_OPENMPI -DINSIDE_OPENMPI -I/home/shubh/Assignment/Distributed_Systems/MPI_Local/openmpi-1.10.7/ompi/include -I/home/shubh/Assignment/Distributed_Systems/MPI_Local/openmpi-1.10.7/ompi/contrib/vt/vt/../../../include -I/home/shubh/Assignment/Distributed_Systems/MPI_Local/openmpi-1.10.7/ompi/contrib/vt/vt/../../../include -D_GNU_SOURCE conftest.c
configure:18610: $? = 0
configure:18610: result: yes
configure:18610: checking for sys/select.h
configure:18610: result: yes
configure:18610: checking sys/time.h usability
configure:18610: gcc -c -g -O2 -DINSIDE_OPENMPI -DINSIDE_OPENMPI -I/home/shubh/Assignment/Distributed_Systems/MPI_Local/openmpi-1.10.7/ompi/include -I/home/shubh/Assignment/Distributed_Systems/MPI_Local/openmpi-1.10.7/ompi/contrib/vt/vt/../../../include -I/home/shubh/Assignment/Distributed_Systems/MPI_Local/openmpi-1.10.7/ompi/contrib/vt/vt/../../../include -D_GNU_SOURCE conftest.c >&5
configure:18610: $? = 0
configure:18610: result: yes
configure:18610: checking sys/time.h presence
configure:18610: gcc -E -DINSIDE_OPENMPI -DINSIDE_OPENMPI -I/home/shubh/Assignment/Distributed_Systems/MPI_Local/openmpi-1.10.7/ompi/include -I/home/shubh/Assignment/Distributed_Systems/MPI_Local/openmpi-1.10.7/ompi/contrib/vt/vt/../../../include -I/home/shubh/Assignment/Distributed_Systems/MPI_Local/openmpi-1.10.7/ompi/contrib/vt/vt/../../../include -D_GNU_SOURCE conftest.c
configure:18610: $? = 0
configure:18610: result: yes
configure:18610: checking for sys/time.h
configure:18610: result: yes
configure:18610: checking for unistd.h
configure:18610: result: yes
configure:18620: checking for stdint.h
configure:18620: result: yes
configure:18628: checking for inttypes.h
configure:18628: result: yes
configure:18640: checking whether va_copy is declared
configure:18640: gcc -c -g -O2 -DINSIDE_OPENMPI -DINSIDE_OPENMPI -I/home/shubh/Assignment/Distributed_Systems/MPI_Local/openmpi-1.10.7/ompi/include -I/home/shubh/Assignment/Distributed_Systems/MPI_Local/openmpi-1.10.7/ompi/contrib/vt/vt/../../../include -I/home/shubh/Assignment/Distributed_Systems/MPI_Local/openmpi-1.10.7/ompi/contrib/vt/vt/../../../include -D_GNU_SOURCE conftest.c >&5
configure:18640: $? = 0
configure:18640: result: yes
configure:18648: checking whether __va_copy is declared
configure:18648: gcc -c -g -O2 -DINSIDE_OPENMPI -DINSIDE_OPENMPI -I/home/shubh/Assignment/Distributed_Systems/MPI_Local/openmpi-1.10.7/ompi/include -I/home/shubh/Assignment/Distributed_Systems/MPI_Local/openmpi-1.10.7/ompi/contrib/vt/vt/../../../include -I/home/shubh/Assignment/Distributed_Systems/MPI_Local/openmpi-1.10.7/ompi/contrib/vt/vt/../../../include -D_GNU_SOURCE conftest.c >&5
configure:18648: $? = 0
configure:18648: result: yes
configure:18659: checking for asprintf
configure:18659: gcc -o conftest -g -O2 -DINSIDE_OPENMPI -DINSIDE_OPENMPI -I/home/shubh/Assignment/Distributed_Systems/MPI_Local/openmpi-1.10.7/ompi/include -I/home/shubh/Assignment/Distributed_Systems/MPI_Local/openmpi-1.10.7/ompi/contrib/vt/vt/../../../include -I/home/shubh/Assignment/Distributed_Systems/MPI_Local/openmpi-1.10.7/ompi/contrib/vt/vt/../../../include -D_GNU_SOURCE -L/home/shubh/Assignment/Distributed_Systems/MPI_Local/openmpi-1.10.7/ompi/.libs -L/home/shubh/Assignment/Distributed_Systems/MPI_Local/openmpi-1.10.7/ompi/contrib/vt/vt/../../../.libs conftest.c  >&5
configure:18659: $? = 0
configure:18659: result: yes
configure:18659: checking for snprintf
configure:18659: gcc -o conftest -g -O2 -DINSIDE_OPENMPI -DINSIDE_OPENMPI -I/home/shubh/Assignment/Distributed_Systems/MPI_Local/openmpi-1.10.7/ompi/include -I/home/shubh/Assignment/Distributed_Systems/MPI_Local/openmpi-1.10.7/ompi/contrib/vt/vt/../../../include -I/home/shubh/Assignment/Distributed_Systems/MPI_Local/openmpi-1.10.7/ompi/contrib/vt/vt/../../../include -D_GNU_SOURCE -L/home/shubh/Assignment/Distributed_Systems/MPI_Local/openmpi-1.10.7/ompi/.libs -L/home/shubh/Assignment/Distributed_Systems/MPI_Local/openmpi-1.10.7/ompi/contrib/vt/vt/../../../.libs conftest.c  >&5
conftest.c:62:6: warning: conflicting types for built-in function 'snprintf'
 char snprintf ();
      ^
configure:18659: $? = 0
configure:18659: result: yes
configure:18659: checking for vasprintf
configure:18659: gcc -o conftest -g -O2 -DINSIDE_OPENMPI -DINSIDE_OPENMPI -I/home/shubh/Assignment/Distributed_Systems/MPI_Local/openmpi-1.10.7/ompi/include -I/home/shubh/Assignment/Distributed_Systems/MPI_Local/openmpi-1.10.7/ompi/contrib/vt/vt/../../../include -I/home/shubh/Assignment/Distributed_Systems/MPI_Local/openmpi-1.10.7/ompi/contrib/vt/vt/../../../include -D_GNU_SOURCE -L/home/shubh/Assignment/Distributed_Systems/MPI_Local/openmpi-1.10.7/ompi/.libs -L/home/shubh/Assignment/Distributed_Systems/MPI_Local/openmpi-1.10.7/ompi/contrib/vt/vt/../../../.libs conftest.c  >&5
configure:18659: $? = 0
configure:18659: result: yes
configure:18659: checking for vsnprintf
configure:18659: gcc -o conftest -g -O2 -DINSIDE_OPENMPI -DINSIDE_OPENMPI -I/home/shubh/Assignment/Distributed_Systems/MPI_Local/openmpi-1.10.7/ompi/include -I/home/shubh/Assignment/Distributed_Systems/MPI_Local/openmpi-1.10.7/ompi/contrib/vt/vt/../../../include -I/home/shubh/Assignment/Distributed_Systems/MPI_Local/openmpi-1.10.7/ompi/contrib/vt/vt/../../../include -D_GNU_SOURCE -L/home/shubh/Assignment/Distributed_Systems/MPI_Local/openmpi-1.10.7/ompi/.libs -L/home/shubh/Assignment/Distributed_Systems/MPI_Local/openmpi-1.10.7/ompi/contrib/vt/vt/../../../.libs conftest.c  >&5
conftest.c:64:6: warning: conflicting types for built-in function 'vsnprintf'
 char vsnprintf ();
      ^
configure:18659: $? = 0
configure:18659: result: yes
configure:18659: checking for strdup
configure:18659: gcc -o conftest -g -O2 -DINSIDE_OPENMPI -DINSIDE_OPENMPI -I/home/shubh/Assignment/Distributed_Systems/MPI_Local/openmpi-1.10.7/ompi/include -I/home/shubh/Assignment/Distributed_Systems/MPI_Local/openmpi-1.10.7/ompi/contrib/vt/vt/../../../include -I/home/shubh/Assignment/Distributed_Systems/MPI_Local/openmpi-1.10.7/ompi/contrib/vt/vt/../../../include -D_GNU_SOURCE -L/home/shubh/Assignment/Distributed_Systems/MPI_Local/openmpi-1.10.7/ompi/.libs -L/home/shubh/Assignment/Distributed_Systems/MPI_Local/openmpi-1.10.7/ompi/contrib/vt/vt/../../../.libs conftest.c  >&5
conftest.c:65:6: warning: conflicting types for built-in function 'strdup'
 char strdup ();
      ^
configure:18659: $? = 0
configure:18659: result: yes
configure:18659: checking for gettimeofday
configure:18659: gcc -o conftest -g -O2 -DINSIDE_OPENMPI -DINSIDE_OPENMPI -I/home/shubh/Assignment/Distributed_Systems/MPI_Local/openmpi-1.10.7/ompi/include -I/home/shubh/Assignment/Distributed_Systems/MPI_Local/openmpi-1.10.7/ompi/contrib/vt/vt/../../../include -I/home/shubh/Assignment/Distributed_Systems/MPI_Local/openmpi-1.10.7/ompi/contrib/vt/vt/../../../include -D_GNU_SOURCE -L/home/shubh/Assignment/Distributed_Systems/MPI_Local/openmpi-1.10.7/ompi/.libs -L/home/shubh/Assignment/Distributed_Systems/MPI_Local/openmpi-1.10.7/ompi/contrib/vt/vt/../../../.libs conftest.c  >&5
configure:18659: $? = 0
configure:18659: result: yes
configure:18668: checking for _LARGEFILE_SOURCE value needed for large files
configure:18687: gcc -o conftest -g -O2 -DINSIDE_OPENMPI -DINSIDE_OPENMPI -I/home/shubh/Assignment/Distributed_Systems/MPI_Local/openmpi-1.10.7/ompi/include -I/home/shubh/Assignment/Distributed_Systems/MPI_Local/openmpi-1.10.7/ompi/contrib/vt/vt/../../../include -I/home/shubh/Assignment/Distributed_Systems/MPI_Local/openmpi-1.10.7/ompi/contrib/vt/vt/../../../include -D_GNU_SOURCE -L/home/shubh/Assignment/Distributed_Systems/MPI_Local/openmpi-1.10.7/ompi/.libs -L/home/shubh/Assignment/Distributed_Systems/MPI_Local/openmpi-1.10.7/ompi/contrib/vt/vt/../../../.libs conftest.c  >&5
configure:18687: $? = 0
configure:18715: result: no
configure:18744: checking whether O_NOATIME is declared
configure:18744: gcc -c -g -O2 -DINSIDE_OPENMPI -DINSIDE_OPENMPI -I/home/shubh/Assignment/Distributed_Systems/MPI_Local/openmpi-1.10.7/ompi/include -I/home/shubh/Assignment/Distributed_Systems/MPI_Local/openmpi-1.10.7/ompi/contrib/vt/vt/../../../include -I/home/shubh/Assignment/Distributed_Systems/MPI_Local/openmpi-1.10.7/ompi/contrib/vt/vt/../../../include -D_GNU_SOURCE conftest.c >&5
configure:18744: $? = 0
configure:18744: result: yes
configure:18756: checking for size_t
configure:18756: gcc -c -g -O2 -DINSIDE_OPENMPI -DINSIDE_OPENMPI -I/home/shubh/Assignment/Distributed_Systems/MPI_Local/openmpi-1.10.7/ompi/include -I/home/shubh/Assignment/Distributed_Systems/MPI_Local/openmpi-1.10.7/ompi/contrib/vt/vt/../../../include -I/home/shubh/Assignment/Distributed_Systems/MPI_Local/openmpi-1.10.7/ompi/contrib/vt/vt/../../../include -D_GNU_SOURCE conftest.c >&5
configure:18756: $? = 0
configure:18756: gcc -c -g -O2 -DINSIDE_OPENMPI -DINSIDE_OPENMPI -I/home/shubh/Assignment/Distributed_Systems/MPI_Local/openmpi-1.10.7/ompi/include -I/home/shubh/Assignment/Distributed_Systems/MPI_Local/openmpi-1.10.7/ompi/contrib/vt/vt/../../../include -I/home/shubh/Assignment/Distributed_Systems/MPI_Local/openmpi-1.10.7/ompi/contrib/vt/vt/../../../include -D_GNU_SOURCE conftest.c >&5
conftest.c: In function 'main':
conftest.c:82:21: error: expected expression before ')' token
 if (sizeof ((size_t)))
                     ^
configure:18756: $? = 1
configure: failed program was:
| /* confdefs.h */
| #define PACKAGE_NAME "OTF"
| #define PACKAGE_TARNAME "OTF"
| #define PACKAGE_VERSION "1.12.3openmpi"
| #define PACKAGE_STRING "OTF 1.12.3openmpi"
| #define PACKAGE_BUGREPORT "andreas.knuepfer@tu-dresden.de"
| #define PACKAGE_URL ""
| #define PACKAGE "OTF"
| #define VERSION "1.12.3openmpi"
| #define STDC_HEADERS 1
| #define HAVE_SYS_TYPES_H 1
| #define HAVE_SYS_STAT_H 1
| #define HAVE_STDLIB_H 1
| #define HAVE_STRING_H 1
| #define HAVE_MEMORY_H 1
| #define HAVE_STRINGS_H 1
| #define HAVE_INTTYPES_H 1
| #define HAVE_STDINT_H 1
| #define HAVE_UNISTD_H 1
| #define HAVE_DLFCN_H 1
| #define LT_OBJDIR ".libs/"
| #define HAVE_ZLIB 1
| #define PDFTEX "pdflatex"
| #define HAVE_PGFPLOTS_1_4 1
| #define STDC_HEADERS 1
| #define HAVE_CTYPE_H 1
| #define HAVE_FCNTL_H 1
| #define HAVE_STDDEF_H 1
| #define HAVE_STDLIB_H 1
| #define HAVE_STRING_H 1
| #define HAVE_SYS_PARAM_H 1
| #define HAVE_SYS_SELECT_H 1
| #define HAVE_SYS_TIME_H 1
| #define HAVE_UNISTD_H 1
| #define HAVE_VA_COPY 1
| #define HAVE_UNDERSCORE_VA_COPY 1
| #define HAVE_ASPRINTF 1
| #define HAVE_SNPRINTF 1
| #define HAVE_VASPRINTF 1
| #define HAVE_VSNPRINTF 1
| #define HAVE_STRDUP 1
| #define HAVE_GETTIMEOFDAY 1
| #define HAVE_FSEEKO 1
| #define HAVE_DECL_O_NOATIME 1
| /* end confdefs.h.  */
| #include <stdio.h>
| #ifdef HAVE_SYS_TYPES_H
| # include <sys/types.h>
| #endif
| #ifdef HAVE_SYS_STAT_H
| # include <sys/stat.h>
| #endif
| #ifdef STDC_HEADERS
| # include <stdlib.h>
| # include <stddef.h>
| #else
| # ifdef HAVE_STDLIB_H
| #  include <stdlib.h>
| # endif
| #endif
| #ifdef HAVE_STRING_H
| # if !defined STDC_HEADERS && defined HAVE_MEMORY_H
| #  include <memory.h>
| # endif
| # include <string.h>
| #endif
| #ifdef HAVE_STRINGS_H
| # include <strings.h>
| #endif
| #ifdef HAVE_INTTYPES_H
| # include <inttypes.h>
| #endif
| #ifdef HAVE_STDINT_H
| # include <stdint.h>
| #endif
| #ifdef HAVE_UNISTD_H
| # include <unistd.h>
| #endif
| int
| main ()
| {
| if (sizeof ((size_t)))
| 	    return 0;
|   ;
|   return 0;
| }
configure:18756: result: yes
configure:18773: checking size of long
configure:18778: gcc -o conftest -g -O2 -DINSIDE_OPENMPI -DINSIDE_OPENMPI -I/home/shubh/Assignment/Distributed_Systems/MPI_Local/openmpi-1.10.7/ompi/include -I/home/shubh/Assignment/Distributed_Systems/MPI_Local/openmpi-1.10.7/ompi/contrib/vt/vt/../../../include -I/home/shubh/Assignment/Distributed_Systems/MPI_Local/openmpi-1.10.7/ompi/contrib/vt/vt/../../../include -D_GNU_SOURCE -L/home/shubh/Assignment/Distributed_Systems/MPI_Local/openmpi-1.10.7/ompi/.libs -L/home/shubh/Assignment/Distributed_Systems/MPI_Local/openmpi-1.10.7/ompi/contrib/vt/vt/../../../.libs conftest.c  >&5
configure:18778: $? = 0
configure:18778: ./conftest
configure:18778: $? = 0
configure:18792: result: 8
configure:18808: checking for library containing clock_gettime
configure:18839: gcc -o conftest -g -O2 -DINSIDE_OPENMPI -DINSIDE_OPENMPI -I/home/shubh/Assignment/Distributed_Systems/MPI_Local/openmpi-1.10.7/ompi/include -I/home/shubh/Assignment/Distributed_Systems/MPI_Local/openmpi-1.10.7/ompi/contrib/vt/vt/../../../include -I/home/shubh/Assignment/Distributed_Systems/MPI_Local/openmpi-1.10.7/ompi/contrib/vt/vt/../../../include -D_GNU_SOURCE -L/home/shubh/Assignment/Distributed_Systems/MPI_Local/openmpi-1.10.7/ompi/.libs -L/home/shubh/Assignment/Distributed_Systems/MPI_Local/openmpi-1.10.7/ompi/contrib/vt/vt/../../../.libs conftest.c  >&5
configure:18839: $? = 0
configure:18856: result: none required
configure:18990: checking that generated files are newer than configure
configure:18996: result: done
configure:19056: creating ./config.status

## ---------------------- ##
## Running config.status. ##
## ---------------------- ##

This file was extended by OTF config.status 1.12.3openmpi, which was
generated by GNU Autoconf 2.69.  Invocation command line was

  CONFIG_FILES    = 
  CONFIG_HEADERS  = 
  CONFIG_LINKS    = 
  CONFIG_COMMANDS = 
  $ ./config.status 

on kaneki

config.status:1262: creating Makefile
config.status:1262: creating vendor/jenkins_hash/Makefile
config.status:1262: creating otflib/Makefile
config.status:1262: creating otflib/OTF_inttypes_unix.h
config.status:1262: creating otfauxlib/Makefile
config.status:1262: creating otflib_py/Makefile
config.status:1262: creating tools/Makefile
config.status:1262: creating tools/otfaux/Makefile
config.status:1262: creating tools/otfcompress/Makefile
config.status:1262: creating tools/otfconfig/Makefile
config.status:1262: creating tools/otfdump/Makefile
config.status:1262: creating tools/otfinfo/Makefile
config.status:1262: creating tools/otfmerge/Makefile
config.status:1262: creating tools/otfmerge/mpi/Makefile
config.status:1262: creating tools/otfprofile/Makefile
config.status:1262: creating tools/otfprofile/mpi/Makefile
config.status:1262: creating tools/otfshrink/Makefile
config.status:1262: creating tools/otf2vtf/Makefile
config.status:1262: creating tools/vtf2otf/Makefile
config.status:1262: creating tests/Makefile
config.status:1262: creating tests/hello/Makefile
config.status:1262: creating tests/generic_streams/Makefile
config.status:1262: creating tests/generic_streams-mpi/Makefile
config.status:1262: creating tests/progress/Makefile
config.status:1262: creating tests/read_from_buffer/Makefile
config.status:1262: creating docu/Makefile
config.status:1262: creating config.h
config.status:1456: executing depfiles commands
config.status:1456: executing libtool commands

## ---------------- ##
## Cache variables. ##
## ---------------- ##

ac_cv_build=x86_64-pc-linux-gnu
ac_cv_c_bigendian=no
ac_cv_c_compiler_gnu=yes
ac_cv_cxx_compiler_gnu=yes
ac_cv_env_CCC_set=
ac_cv_env_CCC_value=
ac_cv_env_CC_set=
ac_cv_env_CC_value=
ac_cv_env_CFLAGS_set=
ac_cv_env_CFLAGS_value=
ac_cv_env_CPPFLAGS_set=set
ac_cv_env_CPPFLAGS_value='-DINSIDE_OPENMPI -I/home/shubh/Assignment/Distributed_Systems/MPI_Local/openmpi-1.10.7/ompi/include -I/home/shubh/Assignment/Distributed_Systems/MPI_Local/openmpi-1.10.7/ompi/contrib/vt/vt/../../../include -I/home/shubh/Assignment/Distributed_Systems/MPI_Local/openmpi-1.10.7/ompi/contrib/vt/vt/../../../include'
ac_cv_env_CPP_set=
ac_cv_env_CPP_value=
ac_cv_env_CXXCPP_set=
ac_cv_env_CXXCPP_value=
ac_cv_env_CXXFLAGS_set=
ac_cv_env_CXXFLAGS_value=
ac_cv_env_CXX_set=
ac_cv_env_CXX_value=
ac_cv_env_LDFLAGS_set=set
ac_cv_env_LDFLAGS_value='-L/home/shubh/Assignment/Distributed_Systems/MPI_Local/openmpi-1.10.7/ompi/.libs -L/home/shubh/Assignment/Distributed_Systems/MPI_Local/openmpi-1.10.7/ompi/contrib/vt/vt/../../../.libs'
ac_cv_env_LIBS_set=
ac_cv_env_LIBS_value=
ac_cv_env_LT_SYS_LIBRARY_PATH_set=
ac_cv_env_LT_SYS_LIBRARY_PATH_value=
ac_cv_env_MPICC_set=set
ac_cv_env_MPICC_value=gcc
ac_cv_env_MPICFLAGS_set=
ac_cv_env_MPICFLAGS_value=
ac_cv_env_MPICXXFLAGS_set=
ac_cv_env_MPICXXFLAGS_value=
ac_cv_env_MPICXX_set=set
ac_cv_env_MPICXX_value=g++
ac_cv_env_OPENMP_CXXFLAGS_set=
ac_cv_env_OPENMP_CXXFLAGS_value=
ac_cv_env_PDFTEX_set=
ac_cv_env_PDFTEX_value=
ac_cv_env_PYTHON_VERSION_set=
ac_cv_env_PYTHON_VERSION_value=
ac_cv_env_PYTHON_set=
ac_cv_env_PYTHON_value=
ac_cv_env_SWIG_PYTHON_CFLAGS_set=
ac_cv_env_SWIG_PYTHON_CFLAGS_value=
ac_cv_env_SWIG_PYTHON_OPTS_set=
ac_cv_env_SWIG_PYTHON_OPTS_value=
ac_cv_env_build_alias_set=
ac_cv_env_build_alias_value=
ac_cv_env_host_alias_set=
ac_cv_env_host_alias_value=
ac_cv_env_target_alias_set=
ac_cv_env_target_alias_value=
ac_cv_func_asprintf=yes
ac_cv_func_gettimeofday=yes
ac_cv_func_snprintf=yes
ac_cv_func_strdup=yes
ac_cv_func_vasprintf=yes
ac_cv_func_vsnprintf=yes
ac_cv_have_decl_O_NOATIME=yes
ac_cv_have_decl___va_copy=yes
ac_cv_have_decl_va_copy=yes
ac_cv_header_ctype_h=yes
ac_cv_header_dlfcn_h=yes
ac_cv_header_fcntl_h=yes
ac_cv_header_inttypes_h=yes
ac_cv_header_memory_h=yes
ac_cv_header_stdc=yes
ac_cv_header_stddef_h=yes
ac_cv_header_stdint_h=yes
ac_cv_header_stdlib_h=yes
ac_cv_header_string_h=yes
ac_cv_header_strings_h=yes
ac_cv_header_sys_param_h=yes
ac_cv_header_sys_select_h=yes
ac_cv_header_sys_stat_h=yes
ac_cv_header_sys_time_h=yes
ac_cv_header_sys_types_h=yes
ac_cv_header_unistd_h=yes
ac_cv_header_vtf3_h=no
ac_cv_header_zlib_h=yes
ac_cv_host=x86_64-pc-linux-gnu
ac_cv_objext=o
ac_cv_path_EGREP='/bin/grep -E'
ac_cv_path_FGREP='/bin/grep -F'
ac_cv_path_GREP=/bin/grep
ac_cv_path_SED=/bin/sed
ac_cv_path_install='/usr/bin/install -c'
ac_cv_path_lt_DD=/bin/dd
ac_cv_path_mkdir=/bin/mkdir
ac_cv_prog_AWK=gawk
ac_cv_prog_CPP='gcc -E'
ac_cv_prog_CXXCPP='g++ -E'
ac_cv_prog_MPICC=gcc
ac_cv_prog_MPICXX=g++
ac_cv_prog_PDFTEX=pdflatex
ac_cv_prog_ac_ct_AR=ar
ac_cv_prog_ac_ct_CC=gcc
ac_cv_prog_ac_ct_CXX=g++
ac_cv_prog_ac_ct_MANIFEST_TOOL=mt
ac_cv_prog_ac_ct_OBJDUMP=objdump
ac_cv_prog_ac_ct_RANLIB=ranlib
ac_cv_prog_ac_ct_STRIP=strip
ac_cv_prog_cc_c89=
ac_cv_prog_cc_g=yes
ac_cv_prog_cxx_g=yes
ac_cv_prog_make_make_set=yes
ac_cv_search_clock_gettime='none required'
ac_cv_sizeof_long=8
ac_cv_sys_largefile_source=no
ac_cv_target=x86_64-pc-linux-gnu
ac_cv_type_size_t=yes
am_cv_CC_dependencies_compiler_type=gcc3
am_cv_CXX_dependencies_compiler_type=gcc3
am_cv_make_support_nested_variables=yes
am_cv_prog_cc_c_o=yes
ax_cv_cxx_openmp=-fopenmp
lt_cv_ar_at_file=@
lt_cv_archive_cmds_need_lc=no
lt_cv_deplibs_check_method=pass_all
lt_cv_file_magic_cmd='$MAGIC_CMD'
lt_cv_file_magic_test_file=
lt_cv_ld_reload_flag=-r
lt_cv_nm_interface='BSD nm'
lt_cv_objdir=.libs
lt_cv_path_LD=/usr/bin/ld
lt_cv_path_LDCXX='/usr/bin/ld -m elf_x86_64'
lt_cv_path_NM='/usr/bin/nm -B'
lt_cv_path_mainfest_tool=no
lt_cv_prog_compiler_c_o=yes
lt_cv_prog_compiler_c_o_CXX=yes
lt_cv_prog_compiler_pic='-fPIC -DPIC'
lt_cv_prog_compiler_pic_CXX='-fPIC -DPIC'
lt_cv_prog_compiler_pic_works=yes
lt_cv_prog_compiler_pic_works_CXX=yes
lt_cv_prog_compiler_rtti_exceptions=no
lt_cv_prog_compiler_static_works=yes
lt_cv_prog_compiler_static_works_CXX=yes
lt_cv_prog_gnu_ld=yes
lt_cv_prog_gnu_ldcxx=yes
lt_cv_sharedlib_from_linklib_cmd='printf %s\n'
lt_cv_shlibpath_overrides_runpath=no
lt_cv_sys_global_symbol_pipe='sed -n -e '\''s/^.*[	 ]\([ABCDGIRSTW][ABCDGIRSTW]*\)[	 ][	 ]*\([_A-Za-z][_A-Za-z0-9]*\)$/\1 \2 \2/p'\'' | sed '\''/ __gnu_lto/d'\'''
lt_cv_sys_global_symbol_to_c_name_address='sed -n -e '\''s/^: \(.*\) .*$/  {"\1", (void *) 0},/p'\'' -e '\''s/^[ABCDGIRSTW][ABCDGIRSTW]* .* \(.*\)$/  {"\1", (void *) \&\1},/p'\'''
lt_cv_sys_global_symbol_to_c_name_address_lib_prefix='sed -n -e '\''s/^: \(.*\) .*$/  {"\1", (void *) 0},/p'\'' -e '\''s/^[ABCDGIRSTW][ABCDGIRSTW]* .* \(lib.*\)$/  {"\1", (void *) \&\1},/p'\'' -e '\''s/^[ABCDGIRSTW][ABCDGIRSTW]* .* \(.*\)$/  {"lib\1", (void *) \&\1},/p'\'''
lt_cv_sys_global_symbol_to_cdecl='sed -n -e '\''s/^T .* \(.*\)$/extern int \1();/p'\'' -e '\''s/^[ABCDGIRSTW][ABCDGIRSTW]* .* \(.*\)$/extern char \1;/p'\'''
lt_cv_sys_global_symbol_to_import=
lt_cv_sys_max_cmd_len=1572864
lt_cv_to_host_file_cmd=func_convert_file_noop
lt_cv_to_tool_file_cmd=func_convert_file_noop
lt_cv_truncate_bin='/bin/dd bs=4096 count=1'

## ----------------- ##
## Output variables. ##
## ----------------- ##

ACLOCAL='${SHELL} /home/shubh/Assignment/Distributed_Systems/MPI_Local/openmpi-1.10.7/ompi/contrib/vt/vt/extlib/otf/config/missing aclocal-1.15'
AMBUILDBINARIES_FALSE='#'
AMBUILDBINARIES_TRUE=''
AMDEPBACKSLASH='\'
AMDEP_FALSE='#'
AMDEP_TRUE=''
AMHAVECLOCKGETTIME_FALSE='#'
AMHAVECLOCKGETTIME_TRUE=''
AMHAVEMPI_FALSE='#'
AMHAVEMPI_TRUE=''
AMHAVEOMP_FALSE='#'
AMHAVEOMP_TRUE=''
AMHAVESWIGPYTHON_FALSE=''
AMHAVESWIGPYTHON_TRUE='#'
AMHAVEVTF3_FALSE=''
AMHAVEVTF3_TRUE='#'
AMHAVEZLIB_FALSE='#'
AMHAVEZLIB_TRUE=''
AMHAVEZOIDFS_FALSE=''
AMHAVEZOIDFS_TRUE='#'
AMTAR='$${TAR-tar}'
AM_BACKSLASH='\'
AM_DEFAULT_V='$(AM_DEFAULT_VERBOSITY)'
AM_DEFAULT_VERBOSITY='0'
AM_V='$(V)'
AR='ar'
AUTOCONF='${SHELL} /home/shubh/Assignment/Distributed_Systems/MPI_Local/openmpi-1.10.7/ompi/contrib/vt/vt/extlib/otf/config/missing autoconf'
AUTOHEADER='${SHELL} /home/shubh/Assignment/Distributed_Systems/MPI_Local/openmpi-1.10.7/ompi/contrib/vt/vt/extlib/otf/config/missing autoheader'
AUTOMAKE='${SHELL} /home/shubh/Assignment/Distributed_Systems/MPI_Local/openmpi-1.10.7/ompi/contrib/vt/vt/extlib/otf/config/missing automake-1.15'
AWK='gawk'
BMI_INCLUDE_DIR=''
BMI_LIB_DIR=''
CC='gcc'
CCDEPMODE='depmode=gcc3'
CFLAGS='-g -O2'
CLOCK_GETTIME_LIB=''
CPP='gcc -E'
CPPFLAGS='-DINSIDE_OPENMPI -DINSIDE_OPENMPI -I/home/shubh/Assignment/Distributed_Systems/MPI_Local/openmpi-1.10.7/ompi/include -I/home/shubh/Assignment/Distributed_Systems/MPI_Local/openmpi-1.10.7/ompi/contrib/vt/vt/../../../include -I/home/shubh/Assignment/Distributed_Systems/MPI_Local/openmpi-1.10.7/ompi/contrib/vt/vt/../../../include -D_GNU_SOURCE'
CXX='g++'
CXXCPP='g++ -E'
CXXDEPMODE='depmode=gcc3'
CXXFLAGS='-g -O2'
CYGPATH_W='echo'
DEFS='-DHAVE_CONFIG_H'
DEPDIR='.deps'
DLLTOOL='false'
DSYMUTIL=''
DUMPBIN=''
ECHO_C=''
ECHO_N='-n'
ECHO_T=''
EGREP='/bin/grep -E'
EXEEXT=''
FGREP='/bin/grep -F'
GREP='/bin/grep'
INSTALL_DATA='${INSTALL} -m 644'
INSTALL_PROGRAM='${INSTALL}'
INSTALL_SCRIPT='${INSTALL}'
INSTALL_STRIP_PROGRAM='$(install_sh) -c -s'
LD='/usr/bin/ld -m elf_x86_64'
LDFLAGS='-L/home/shubh/Assignment/Distributed_Systems/MPI_Local/openmpi-1.10.7/ompi/.libs -L/home/shubh/Assignment/Distributed_Systems/MPI_Local/openmpi-1.10.7/ompi/contrib/vt/vt/../../../.libs'
LIBOBJS=''
LIBS=''
LIBTOOL='$(SHELL) $(top_builddir)/libtool'
LIPO=''
LN_S='ln -s'
LTLIBOBJS=''
LT_SYS_LIBRARY_PATH=''
MAKEINFO='${SHELL} /home/shubh/Assignment/Distributed_Systems/MPI_Local/openmpi-1.10.7/ompi/contrib/vt/vt/extlib/otf/config/missing makeinfo'
MANIFEST_TOOL=':'
MATHLIB='-lm'
MKDIR_P='/bin/mkdir -p'
MPICC='gcc'
MPICFLAGS=''
MPICXX='g++'
MPICXXFLAGS=' -DMPICH_SKIP_MPICXX -DOMPI_SKIP_MPICXX -DMPI_NO_CPPBIND'
MPILIBS='-lmpi'
MPI_INCLUDE_DIR=''
MPI_INCLUDE_LINE=''
MPI_LIB_DIR=''
MPI_LIB_LINE='-lmpi'
NM='/usr/bin/nm -B'
NMEDIT=''
OBJDUMP='objdump'
OBJEXT='o'
OPENMP_CXXFLAGS='-fopenmp'
OTF_VERSION_LIBRARY='1:0:0'
OTOOL64=''
OTOOL=''
PACKAGE='OTF'
PACKAGE_BUGREPORT='andreas.knuepfer@tu-dresden.de'
PACKAGE_NAME='OTF'
PACKAGE_STRING='OTF 1.12.3openmpi'
PACKAGE_TARNAME='OTF'
PACKAGE_URL=''
PACKAGE_VERSION='1.12.3openmpi'
PATH_SEPARATOR=':'
PDFTEX='pdflatex'
PYTHON=''
PYTHON_EXEC_PREFIX=''
PYTHON_PLATFORM=''
PYTHON_PREFIX=''
PYTHON_VERSION=''
RANLIB='ranlib'
SED='/bin/sed'
SET_MAKE=''
SHELL='/bin/bash'
STRIP='strip'
SWIG=''
SWIG_PYTHON_CFLAGS=''
SWIG_PYTHON_OPTS='-python'
VERSION='1.12.3openmpi'
VTF3_INCLUDE_DIR=''
VTF3_INCLUDE_LINE=''
VTF3_LIB_DIR=''
VTF3_LIB_LINE=''
ZLIB_INCLUDE_DIR=''
ZLIB_INCLUDE_LINE=''
ZLIB_LIB_DIR=''
ZLIB_LIB_LINE='-lz'
ZOIDFS_INCLUDE_DIR=''
ZOIDFS_INCLUDE_LINE=''
ZOIDFS_LIB_DIR=''
ZOIDFS_LIB_LINE=' '
ac_ct_AR='ar'
ac_ct_CC='gcc'
ac_ct_CXX='g++'
ac_ct_DUMPBIN=''
am__EXEEXT_FALSE=''
am__EXEEXT_TRUE='#'
am__fastdepCC_FALSE='#'
am__fastdepCC_TRUE=''
am__fastdepCXX_FALSE='#'
am__fastdepCXX_TRUE=''
am__include='include'
am__isrc=''
am__leading_dot='.'
am__nodep='_no'
am__quote=''
am__tar='$${TAR-tar} chof - "$$tardir"'
am__untar='$${TAR-tar} xf -'
bindir='${exec_prefix}/bin'
build='x86_64-pc-linux-gnu'
build_alias=''
build_cpu='x86_64'
build_os='linux-gnu'
build_vendor='pc'
datadir='${datarootdir}'
datarootdir='${prefix}/share/open-trace-format'
docdir='${prefix}/share/vampirtrace/doc/otf'
dvidir='${docdir}'
exec_prefix='${prefix}'
have_inttypes_h='1'
have_stdint_h='1'
host='x86_64-pc-linux-gnu'
host_alias=''
host_cpu='x86_64'
host_os='linux-gnu'
host_vendor='pc'
htmldir='${docdir}'
includedir='/home/shubh/.openmpi/include/vampirtrace/open-trace-format'
infodir='${datarootdir}/info'
install_sh='${SHELL} /home/shubh/Assignment/Distributed_Systems/MPI_Local/openmpi-1.10.7/ompi/contrib/vt/vt/extlib/otf/config/install-sh'
libdir='${exec_prefix}/lib'
libexecdir='${exec_prefix}/libexec'
localedir='${datarootdir}/locale'
localstatedir='${prefix}/var'
mandir='${datarootdir}/man'
mkdir_p='$(MKDIR_P)'
oldincludedir='/usr/include'
pdfdir='${docdir}'
pkgpyexecdir=''
pkgpythondir=''
prefix='/home/shubh/.openmpi'
program_transform_name='s,x,x,'
psdir='${docdir}'
pyexecdir=''
python_config=''
pythondir=''
sbindir='${exec_prefix}/sbin'
sharedstatedir='${prefix}/com'
sizeof_long='8'
sysconfdir='${prefix}/etc'
target='x86_64-pc-linux-gnu'
target_alias=''
target_cpu='x86_64'
target_os='linux-gnu'
target_vendor='pc'

## ----------- ##
## confdefs.h. ##
## ----------- ##

/* confdefs.h */
#define PACKAGE_NAME "OTF"
#define PACKAGE_TARNAME "OTF"
#define PACKAGE_VERSION "1.12.3openmpi"
#define PACKAGE_STRING "OTF 1.12.3openmpi"
#define PACKAGE_BUGREPORT "andreas.knuepfer@tu-dresden.de"
#define PACKAGE_URL ""
#define PACKAGE "OTF"
#define VERSION "1.12.3openmpi"
#define STDC_HEADERS 1
#define HAVE_SYS_TYPES_H 1
#define HAVE_SYS_STAT_H 1
#define HAVE_STDLIB_H 1
#define HAVE_STRING_H 1
#define HAVE_MEMORY_H 1
#define HAVE_STRINGS_H 1
#define HAVE_INTTYPES_H 1
#define HAVE_STDINT_H 1
#define HAVE_UNISTD_H 1
#define HAVE_DLFCN_H 1
#define LT_OBJDIR ".libs/"
#define HAVE_ZLIB 1
#define PDFTEX "pdflatex"
#define HAVE_PGFPLOTS_1_4 1
#define STDC_HEADERS 1
#define HAVE_CTYPE_H 1
#define HAVE_FCNTL_H 1
#define HAVE_STDDEF_H 1
#define HAVE_STDLIB_H 1
#define HAVE_STRING_H 1
#define HAVE_SYS_PARAM_H 1
#define HAVE_SYS_SELECT_H 1
#define HAVE_SYS_TIME_H 1
#define HAVE_UNISTD_H 1
#define HAVE_VA_COPY 1
#define HAVE_UNDERSCORE_VA_COPY 1
#define HAVE_ASPRINTF 1
#define HAVE_SNPRINTF 1
#define HAVE_VASPRINTF 1
#define HAVE_VSNPRINTF 1
#define HAVE_STRDUP 1
#define HAVE_GETTIMEOFDAY 1
#define HAVE_FSEEKO 1
#define HAVE_DECL_O_NOATIME 1
#define SIZEOF_LONG 8

configure: exit 0
